#
# There is insufficient memory for the Java Runtime Environment to continue.
# Native memory allocation (malloc) failed to allocate 1698736 bytes for Chunk::new
# Possible reasons:
#   The system is out of physical RAM or swap space
#   The process is running with CompressedOops enabled, and the Java Heap may be blocking the growth of the native heap
# Possible solutions:
#   Reduce memory load on the system
#   Increase physical memory or swap space
#   Check if swap backing store is full
#   Decrease Java heap size (-Xmx/-Xms)
#   Decrease number of Java threads
#   Decrease Java thread stack sizes (-Xss)
#   Set larger code cache with -XX:ReservedCodeCacheSize=
#   JVM is running with Unscaled Compressed Oops mode in which the Java heap is
#     placed in the first 4GB address space. The Java Heap base address is the
#     maximum limit for the native heap growth. Please use -XX:HeapBaseMinAddress
#     to set the Java Heap base and to place the Java Heap above 4GB virtual address.
# This output file may be truncated or incomplete.
#
#  Out of Memory Error (./open/src/hotspot/share/memory/arena.cpp:195), pid=42060, tid=43112
#
# JRE version: OpenJDK Runtime Environment (15.0.2+7) (build 15.0.2+7-27)
# Java VM: OpenJDK 64-Bit Server VM (15.0.2+7-27, mixed mode, sharing, tiered, compressed oops, g1 gc, windows-amd64)
# No core dump will be written. Minidumps are not enabled by default on client versions of Windows
#

---------------  S U M M A R Y ------------

Command Line: --add-opens=java.base/java.util=ALL-UNNAMED --add-opens=java.base/java.lang=ALL-UNNAMED --add-opens=java.base/java.lang.invoke=ALL-UNNAMED --add-opens=java.prefs/java.util.prefs=ALL-UNNAMED -XX:MaxMetaspaceSize=256m -XX:+HeapDumpOnOutOfMemoryError -Xms256m -Xmx512m -Dfile.encoding=windows-1251 -Duser.country=RU -Duser.language=ru -Duser.variant org.gradle.launcher.daemon.bootstrap.GradleDaemon 6.7

Host: Intel(R) Core(TM) i3-8130U CPU @ 2.20GHz, 4 cores, 3G,  Windows 10 , 64 bit Build 19041 (10.0.19041.804)
Time: Thu Mar  4 16:41:55 2021 RTZ 2 (зима) elapsed time: 5822.560650 seconds (0d 1h 37m 2s)

---------------  T H R E A D  ---------------

Current thread (0x0000025177aaa180):  JavaThread "C2 CompilerThread0" daemon [_thread_in_native, id=43112, stack(0x0000009234000000,0x0000009234100000)]


Current CompileTask:
C2:5822561 17309   !   4       org.gradle.launcher.daemon.server.exec.LogToClient$AsynchronousLogDispatcher::run (62 bytes)

Stack: [0x0000009234000000,0x0000009234100000]
Native frames: (J=compiled Java code, j=interpreted, Vv=VM code, C=native code)
V  [jvm.dll+0x62ae9a]
V  [jvm.dll+0x7817a9]
V  [jvm.dll+0x782f03]
V  [jvm.dll+0x783563]
V  [jvm.dll+0x216325]
V  [jvm.dll+0x97f3a]
V  [jvm.dll+0x9861c]
V  [jvm.dll+0x32e2a8]
V  [jvm.dll+0x2f768a]
V  [jvm.dll+0x2f6a4a]
V  [jvm.dll+0x1ea705]
V  [jvm.dll+0x1e996e]
V  [jvm.dll+0x178567]
V  [jvm.dll+0x1f9225]
V  [jvm.dll+0x1f72cc]
V  [jvm.dll+0x74495d]
V  [jvm.dll+0x73d75a]
V  [jvm.dll+0x629c56]
C  [ucrtbase.dll+0x21bb2]
C  [KERNEL32.DLL+0x17034]
C  [ntdll.dll+0x4d241]


---------------  P R O C E S S  ---------------

Threads class SMR info:
_java_thread_list=0x0000025179efbd80, length=50, elements={
0x000002515d08f250, 0x0000025177a80840, 0x0000025177a81ac0, 0x0000025177a9e750,
0x0000025177a9f7b0, 0x0000025177aa1080, 0x0000025177aaa180, 0x0000025177aaab30,
0x0000025177aabbd0, 0x00000251784ea560, 0x00000251784ebe10, 0x000002517975f930,
0x000002517988d390, 0x0000025179f70500, 0x000002517a089d30, 0x000002517a08a200,
0x000002517a08b070, 0x000002517a088050, 0x000002517a089860, 0x000002517aefa140,
0x000002517aeff7e0, 0x0000025179cf31f0, 0x0000025179cf3b90, 0x000002517aefafb0,
0x000002517aefbe20, 0x000002517aefd630, 0x000002517aefdfd0, 0x000002517aefd160,
0x000002517aefdb00, 0x000002517aefe4a0, 0x000002517aeff310, 0x000002517af00ff0,
0x000002517aef97a0, 0x000002517aef9c70, 0x0000025179cf1eb0, 0x0000025179cec810,
0x0000025179cee9c0, 0x0000025179cef830, 0x0000025179ced1b0, 0x0000025179cecce0,
0x0000025179cf06a0, 0x0000025179cf1510, 0x0000025179ceee90, 0x0000025179cefd00,
0x0000025179cedb50, 0x0000025179cf0b70, 0x0000025179cf2380, 0x000002517a088520,
0x000002517a08b540, 0x000002517a08aba0
}

Java Threads: ( => current thread )
  0x000002515d08f250 JavaThread "main" [_thread_blocked, id=47580, stack(0x0000009233400000,0x0000009233500000)]
  0x0000025177a80840 JavaThread "Reference Handler" daemon [_thread_blocked, id=39076, stack(0x0000009233b00000,0x0000009233c00000)]
  0x0000025177a81ac0 JavaThread "Finalizer" daemon [_thread_blocked, id=39248, stack(0x0000009233c00000,0x0000009233d00000)]
  0x0000025177a9e750 JavaThread "Signal Dispatcher" daemon [_thread_blocked, id=20536, stack(0x0000009233d00000,0x0000009233e00000)]
  0x0000025177a9f7b0 JavaThread "Attach Listener" daemon [_thread_blocked, id=47888, stack(0x0000009233e00000,0x0000009233f00000)]
  0x0000025177aa1080 JavaThread "Service Thread" daemon [_thread_blocked, id=45260, stack(0x0000009233f00000,0x0000009234000000)]
=>0x0000025177aaa180 JavaThread "C2 CompilerThread0" daemon [_thread_in_native, id=43112, stack(0x0000009234000000,0x0000009234100000)]
  0x0000025177aaab30 JavaThread "C1 CompilerThread0" daemon [_thread_blocked, id=38220, stack(0x0000009234100000,0x0000009234200000)]
  0x0000025177aabbd0 JavaThread "Sweeper thread" daemon [_thread_blocked, id=45032, stack(0x0000009234200000,0x0000009234300000)]
  0x00000251784ea560 JavaThread "Common-Cleaner" daemon [_thread_blocked, id=2040, stack(0x0000009234300000,0x0000009234400000)]
  0x00000251784ebe10 JavaThread "Notification Thread" daemon [_thread_blocked, id=46956, stack(0x0000009234400000,0x0000009234500000)]
  0x000002517975f930 JavaThread "Daemon health stats" [_thread_blocked, id=42844, stack(0x0000009234900000,0x0000009234a00000)]
  0x000002517988d390 JavaThread "Incoming local TCP Connector on port 59951" [_thread_in_native, id=20256, stack(0x0000009234c00000,0x0000009234d00000)]
  0x0000025179f70500 JavaThread "Daemon periodic checks" [_thread_blocked, id=43432, stack(0x0000009234d00000,0x0000009234e00000)]
  0x000002517a089d30 JavaThread "Cache worker for file hash cache (C:\Users\info\.gradle\caches\6.7\fileHashes)" [_thread_blocked, id=47880, stack(0x0000009235500000,0x0000009235600000)]
  0x000002517a08a200 JavaThread "File lock request listener" [_thread_in_native, id=46224, stack(0x0000009235600000,0x0000009235700000)]
  0x000002517a08b070 JavaThread "Cache worker for journal cache (C:\Users\info\.gradle\caches\journal-1)" [_thread_blocked, id=43452, stack(0x0000009235700000,0x0000009235800000)]
  0x000002517a088050 JavaThread "Cache worker for execution history cache (C:\Users\info\.gradle\caches\6.7\executionHistory)" [_thread_blocked, id=41872, stack(0x0000009235c00000,0x0000009235d00000)]
  0x000002517a089860 JavaThread "Cache worker for file content cache (C:\Users\info\.gradle\caches\6.7\fileContent)" [_thread_blocked, id=43524, stack(0x0000009235e00000,0x0000009235f00000)]
  0x000002517aefa140 JavaThread "Memory manager" [_thread_blocked, id=47276, stack(0x0000009236000000,0x0000009236100000)]
  0x000002517aeff7e0 JavaThread "Cache worker for Java compile cache (C:\Users\info\.gradle\caches\6.7\javaCompile)" [_thread_blocked, id=47564, stack(0x0000009236a00000,0x0000009236b00000)]
  0x0000025179cf31f0 JavaThread "Daemon Thread 18" [_thread_blocked, id=47360, stack(0x0000009233100000,0x0000009233200000)]
  0x0000025179cf3b90 JavaThread "Daemon worker Thread 18" [_thread_blocked, id=47692, stack(0x0000009234a00000,0x0000009234b00000)]
  0x000002517aefafb0 JavaThread "Exec process Thread 70" [_thread_in_native, id=42264, stack(0x0000009236700000,0x0000009236800000)]
  0x000002517aefbe20 JavaThread "Exec process Thread 72" [_thread_in_native, id=45000, stack(0x0000009236b00000,0x0000009236c00000)]
  0x000002517aefd630 JavaThread "Exec process Thread 73" [_thread_in_native, id=49096, stack(0x0000009236e00000,0x0000009236f00000)]
  0x000002517aefdfd0 JavaThread "Handler for socket connection from /127.0.0.1:59951 to /127.0.0.1:64641" [_thread_in_native, id=39204, stack(0x0000009233200000,0x0000009233300000)]
  0x000002517aefd160 JavaThread "Cancel handler" [_thread_blocked, id=48504, stack(0x0000009233300000,0x0000009233400000)]
  0x000002517aefdb00 JavaThread "Asynchronous log dispatcher for DefaultDaemonConnection: socket connection from /127.0.0.1:59951 to /127.0.0.1:64641" [_thread_blocked, id=47948, stack(0x0000009234e00000,0x0000009234f00000)]
  0x000002517aefe4a0 JavaThread "Stdin handler" [_thread_blocked, id=48164, stack(0x0000009234f00000,0x0000009235000000)]
  0x000002517aeff310 JavaThread "Thread-1329" [_thread_blocked, id=49508, stack(0x0000009235000000,0x0000009235100000)]
  0x000002517af00ff0 JavaThread "Cache worker for file hash cache (C:\Users\info\IdeaProjects\ru.litecart.stqa\.gradle\6.7\fileHashes)" [_thread_blocked, id=31196, stack(0x0000009235100000,0x0000009235200000)]
  0x000002517aef97a0 JavaThread "Cache worker for checksums cache (C:\Users\info\IdeaProjects\ru.litecart.stqa\.gradle\checksums)" [_thread_blocked, id=48056, stack(0x0000009235200000,0x0000009235300000)]
  0x000002517aef9c70 JavaThread "Cache worker for cache directory md-supplier (C:\Users\info\.gradle\caches\6.7\md-supplier)" [_thread_blocked, id=45216, stack(0x0000009235300000,0x0000009235400000)]
  0x0000025179cf1eb0 JavaThread "Cache worker for cache directory md-rule (C:\Users\info\.gradle\caches\6.7\md-rule)" [_thread_blocked, id=50120, stack(0x0000009235400000,0x0000009235500000)]
  0x0000025179cec810 JavaThread "Cache worker for Build Output Cleanup Cache (C:\Users\info\IdeaProjects\ru.litecart.stqa\.gradle\buildOutputCleanup)" [_thread_blocked, id=49516, stack(0x0000009235800000,0x0000009235900000)]
  0x0000025179cee9c0 JavaThread "Build operations" [_thread_blocked, id=48192, stack(0x0000009235a00000,0x0000009235b00000)]
  0x0000025179cef830 JavaThread "Build operations Thread 2" [_thread_blocked, id=39436, stack(0x0000009235b00000,0x0000009235c00000)]
  0x0000025179ced1b0 JavaThread "Build operations Thread 3" [_thread_blocked, id=46848, stack(0x0000009235d00000,0x0000009235e00000)]
  0x0000025179cecce0 JavaThread "Build operations Thread 4" [_thread_blocked, id=12892, stack(0x0000009235f00000,0x0000009236000000)]
  0x0000025179cf06a0 JavaThread "Execution worker for ':'" [_thread_blocked, id=12960, stack(0x0000009236100000,0x0000009236200000)]
  0x0000025179cf1510 JavaThread "Execution worker for ':' Thread 2" [_thread_blocked, id=47120, stack(0x0000009236200000,0x0000009236300000)]
  0x0000025179ceee90 JavaThread "Execution worker for ':' Thread 3" [_thread_blocked, id=12972, stack(0x0000009236300000,0x0000009236400000)]
  0x0000025179cefd00 JavaThread "Cache worker for execution history cache (C:\Users\info\IdeaProjects\ru.litecart.stqa\.gradle\6.7\executionHistory)" [_thread_blocked, id=13004, stack(0x0000009236400000,0x0000009236500000)]
  0x0000025179cedb50 JavaThread "Dispatch org.gradle.api.internal.tasks.testing.results.AttachParentTestResultProcessor@45d2f32e" [_thread_blocked, id=13096, stack(0x0000009236600000,0x0000009236700000)]
  0x0000025179cf0b70 JavaThread "Dispatch org.gradle.api.internal.tasks.testing.processors.RestartEveryNTestClassProcessor@36ded7c3" [_thread_blocked, id=13092, stack(0x0000009236800000,0x0000009236900000)]
  0x0000025179cf2380 JavaThread "/127.0.0.1:64649 to /127.0.0.1:64654 workers" [_thread_blocked, id=46068, stack(0x0000009237000000,0x0000009237100000)]
  0x000002517a088520 JavaThread "/127.0.0.1:64649 to /127.0.0.1:64654 workers Thread 2" [_thread_blocked, id=33128, stack(0x0000009237100000,0x0000009237200000)]
  0x000002517a08b540 JavaThread "/127.0.0.1:64649 to /127.0.0.1:64654 workers Thread 3" [_thread_blocked, id=11636, stack(0x0000009237200000,0x0000009237300000)]
  0x000002517a08aba0 JavaThread "/127.0.0.1:64649 to /127.0.0.1:64654 workers Thread 4" [_thread_in_native, id=12476, stack(0x0000009237300000,0x0000009237400000)]

Other Threads:
  0x0000025177a7c500 VMThread "VM Thread" [stack: 0x0000009233a00000,0x0000009233b00000] [id=39508]
  0x00000251784f02f0 WatcherThread [stack: 0x0000009234500000,0x0000009234600000] [id=38384]
  0x000002515d0b6e10 GCTaskThread "GC Thread#0" [stack: 0x0000009233500000,0x0000009233600000] [id=47000]
  0x0000025178d082c0 GCTaskThread "GC Thread#1" [stack: 0x0000009234600000,0x0000009234700000] [id=43984]
  0x0000025178d0b8f0 GCTaskThread "GC Thread#2" [stack: 0x0000009234700000,0x0000009234800000] [id=47676]
  0x0000025178d0af60 GCTaskThread "GC Thread#3" [stack: 0x0000009234800000,0x0000009234900000] [id=47992]
  0x000002515d0bc610 ConcurrentGCThread "G1 Main Marker" [stack: 0x0000009233600000,0x0000009233700000] [id=45436]
  0x000002515d0bd110 ConcurrentGCThread "G1 Conc#0" [stack: 0x0000009233700000,0x0000009233800000] [id=46876]
  0x00000251779300a0 ConcurrentGCThread "G1 Refine#0" [stack: 0x0000009233800000,0x0000009233900000] [id=1096]
  0x000002517befe330 ConcurrentGCThread "G1 Refine#1" [stack: 0x0000009236500000,0x0000009236600000] [id=47364]
  0x000002517befe690 ConcurrentGCThread "G1 Refine#2" [stack: 0x0000009236c00000,0x0000009236d00000] [id=47488]
  0x000002517befe9f0 ConcurrentGCThread "G1 Refine#3" [stack: 0x0000009236d00000,0x0000009236e00000] [id=45228]
  0x0000025177931900 ConcurrentGCThread "G1 Young RemSet Sampling" [stack: 0x0000009233900000,0x0000009233a00000] [id=46244]

Threads with active compile tasks:
C2 CompilerThread0  5822615 17309   !   4       org.gradle.launcher.daemon.server.exec.LogToClient$AsynchronousLogDispatcher::run (62 bytes)

VM state: not at safepoint (normal execution)

VM Mutex/Monitor currently owned by a thread: None

Heap address: 0x00000000e0000000, size: 512 MB, Compressed Oops mode: 32-bit
CDS archive(s) mapped at: [0x0000000800000000-0x0000000800b50000-0x0000000800b50000), size 11862016, SharedBaseAddress: 0x0000000800000000, ArchiveRelocationMode: 0.
Compressed class space mapped at: 0x0000000800b50000-0x0000000810350000, size: 260046848
Narrow klass base: 0x0000000800000000, Narrow klass shift: 3, Narrow klass range: 0x100000000

GC Precious Log:
 CPUs: 4 total, 4 available
 Memory: 3952M
 Large Page Support: Disabled
 NUMA Support: Disabled
 Compressed Oops: Enabled (32-bit)
 Heap Region Size: 1M
 Heap Min Capacity: 256M
 Heap Initial Capacity: 256M
 Heap Max Capacity: 512M
 Pre-touch: Disabled
 Parallel Workers: 4
 Concurrent Workers: 1
 Concurrent Refinement Workers: 4
 Periodic GC: Disabled

Heap:
 garbage-first heap   total 262144K, used 77897K [0x00000000e0000000, 0x0000000100000000)
  region size 1024K, 33 young (33792K), 6 survivors (6144K)
 Metaspace       used 65274K, capacity 68457K, committed 68560K, reserved 313344K
  class space    used 8196K, capacity 9297K, committed 9344K, reserved 253952K

Heap Regions: E=young(eden), S=young(survivor), O=old, HS=humongous(starts), HC=humongous(continues), CS=collection set, F=free, OA=open archive, CA=closed archive, TAMS=top-at-mark-start (previous, next)
|   0|0x00000000e0000000, 0x00000000e0100000, 0x00000000e0100000|100%| O|  |TAMS 0x00000000e0100000, 0x00000000e0000000| Untracked 
|   1|0x00000000e0100000, 0x00000000e0200000, 0x00000000e0200000|100%| O|  |TAMS 0x00000000e0200000, 0x00000000e0100000| Untracked 
|   2|0x00000000e0200000, 0x00000000e0300000, 0x00000000e0300000|100%| O|  |TAMS 0x00000000e0300000, 0x00000000e0200000| Untracked 
|   3|0x00000000e0300000, 0x00000000e0400000, 0x00000000e0400000|100%|HS|  |TAMS 0x00000000e0400000, 0x00000000e0300000| Complete 
|   4|0x00000000e0400000, 0x00000000e0500000, 0x00000000e0500000|100%|HC|  |TAMS 0x00000000e0500000, 0x00000000e0400000| Complete 
|   5|0x00000000e0500000, 0x00000000e0600000, 0x00000000e0600000|100%|HC|  |TAMS 0x00000000e0600000, 0x00000000e0500000| Complete 
|   6|0x00000000e0600000, 0x00000000e0700000, 0x00000000e0700000|100%| O|  |TAMS 0x00000000e0700000, 0x00000000e0600000| Untracked 
|   7|0x00000000e0700000, 0x00000000e0800000, 0x00000000e0800000|100%| O|  |TAMS 0x00000000e0800000, 0x00000000e0700000| Untracked 
|   8|0x00000000e0800000, 0x00000000e0900000, 0x00000000e0900000|100%| O|  |TAMS 0x00000000e0900000, 0x00000000e0800000| Untracked 
|   9|0x00000000e0900000, 0x00000000e0a00000, 0x00000000e0a00000|100%| O|  |TAMS 0x00000000e0a00000, 0x00000000e0900000| Untracked 
|  10|0x00000000e0a00000, 0x00000000e0b00000, 0x00000000e0b00000|100%| O|  |TAMS 0x00000000e0b00000, 0x00000000e0a00000| Untracked 
|  11|0x00000000e0b00000, 0x00000000e0c00000, 0x00000000e0c00000|100%| O|  |TAMS 0x00000000e0c00000, 0x00000000e0b00000| Untracked 
|  12|0x00000000e0c00000, 0x00000000e0d00000, 0x00000000e0d00000|100%| O|  |TAMS 0x00000000e0d00000, 0x00000000e0c00000| Untracked 
|  13|0x00000000e0d00000, 0x00000000e0e00000, 0x00000000e0e00000|100%| O|  |TAMS 0x00000000e0e00000, 0x00000000e0d00000| Untracked 
|  14|0x00000000e0e00000, 0x00000000e0f00000, 0x00000000e0f00000|100%| O|  |TAMS 0x00000000e0f00000, 0x00000000e0e00000| Untracked 
|  15|0x00000000e0f00000, 0x00000000e1000000, 0x00000000e1000000|100%| O|  |TAMS 0x00000000e1000000, 0x00000000e0f00000| Untracked 
|  16|0x00000000e1000000, 0x00000000e1100000, 0x00000000e1100000|100%| O|  |TAMS 0x00000000e1100000, 0x00000000e1000000| Untracked 
|  17|0x00000000e1100000, 0x00000000e1200000, 0x00000000e1200000|100%| O|  |TAMS 0x00000000e1200000, 0x00000000e1100000| Untracked 
|  18|0x00000000e1200000, 0x00000000e1300000, 0x00000000e1300000|100%| O|  |TAMS 0x00000000e1300000, 0x00000000e1200000| Untracked 
|  19|0x00000000e1300000, 0x00000000e1400000, 0x00000000e1400000|100%| O|  |TAMS 0x00000000e1400000, 0x00000000e1300000| Untracked 
|  20|0x00000000e1400000, 0x00000000e1500000, 0x00000000e1500000|100%| O|  |TAMS 0x00000000e1500000, 0x00000000e1400000| Untracked 
|  21|0x00000000e1500000, 0x00000000e1600000, 0x00000000e1600000|100%| O|  |TAMS 0x00000000e1600000, 0x00000000e1500000| Untracked 
|  22|0x00000000e1600000, 0x00000000e1700000, 0x00000000e1700000|100%| O|  |TAMS 0x00000000e1700000, 0x00000000e1600000| Untracked 
|  23|0x00000000e1700000, 0x00000000e1800000, 0x00000000e1800000|100%| O|  |TAMS 0x00000000e1800000, 0x00000000e1700000| Untracked 
|  24|0x00000000e1800000, 0x00000000e1900000, 0x00000000e1900000|100%| O|  |TAMS 0x00000000e1900000, 0x00000000e1800000| Untracked 
|  25|0x00000000e1900000, 0x00000000e1a00000, 0x00000000e1a00000|100%| O|  |TAMS 0x00000000e1a00000, 0x00000000e1900000| Untracked 
|  26|0x00000000e1a00000, 0x00000000e1b00000, 0x00000000e1b00000|100%| O|  |TAMS 0x00000000e1b00000, 0x00000000e1a00000| Untracked 
|  27|0x00000000e1b00000, 0x00000000e1c00000, 0x00000000e1c00000|100%| O|  |TAMS 0x00000000e1c00000, 0x00000000e1b00000| Untracked 
|  28|0x00000000e1c00000, 0x00000000e1d00000, 0x00000000e1d00000|100%| O|  |TAMS 0x00000000e1d00000, 0x00000000e1c00000| Untracked 
|  29|0x00000000e1d00000, 0x00000000e1e00000, 0x00000000e1e00000|100%| O|  |TAMS 0x00000000e1e00000, 0x00000000e1d00000| Untracked 
|  30|0x00000000e1e00000, 0x00000000e1f00000, 0x00000000e1f00000|100%| O|  |TAMS 0x00000000e1f00000, 0x00000000e1e00000| Untracked 
|  31|0x00000000e1f00000, 0x00000000e2000000, 0x00000000e2000000|100%| O|  |TAMS 0x00000000e2000000, 0x00000000e1f00000| Untracked 
|  32|0x00000000e2000000, 0x00000000e2100000, 0x00000000e2100000|100%| O|  |TAMS 0x00000000e2100000, 0x00000000e2000000| Untracked 
|  33|0x00000000e2100000, 0x00000000e2200000, 0x00000000e2200000|100%| O|  |TAMS 0x00000000e2200000, 0x00000000e2100000| Untracked 
|  34|0x00000000e2200000, 0x00000000e2300000, 0x00000000e2300000|100%| O|  |TAMS 0x00000000e2300000, 0x00000000e2200000| Untracked 
|  35|0x00000000e2300000, 0x00000000e2400000, 0x00000000e2400000|100%| O|  |TAMS 0x00000000e2400000, 0x00000000e2300000| Untracked 
|  36|0x00000000e2400000, 0x00000000e2500000, 0x00000000e2500000|100%| O|  |TAMS 0x00000000e2500000, 0x00000000e2400000| Untracked 
|  37|0x00000000e2500000, 0x00000000e2600000, 0x00000000e2600000|100%| O|  |TAMS 0x00000000e2600000, 0x00000000e2500000| Untracked 
|  38|0x00000000e2600000, 0x00000000e2700000, 0x00000000e2700000|100%| O|  |TAMS 0x00000000e2700000, 0x00000000e2600000| Untracked 
|  39|0x00000000e2700000, 0x00000000e2800000, 0x00000000e2800000|100%| O|  |TAMS 0x00000000e2800000, 0x00000000e2700000| Untracked 
|  40|0x00000000e2800000, 0x00000000e2900000, 0x00000000e2900000|100%| O|  |TAMS 0x00000000e28f4c00, 0x00000000e2800000| Untracked 
|  41|0x00000000e2900000, 0x00000000e2a00000, 0x00000000e2a00000|100%| O|  |TAMS 0x00000000e2900000, 0x00000000e2900000| Untracked 
|  42|0x00000000e2a00000, 0x00000000e2b00000, 0x00000000e2b00000|100%| O|  |TAMS 0x00000000e2a00000, 0x00000000e2a00000| Untracked 
|  43|0x00000000e2b00000, 0x00000000e2c00000, 0x00000000e2c00000|100%| O|  |TAMS 0x00000000e2b00000, 0x00000000e2b00000| Untracked 
|  44|0x00000000e2c00000, 0x00000000e2ce1a00, 0x00000000e2d00000| 88%| O|  |TAMS 0x00000000e2c00000, 0x00000000e2c00000| Untracked 
|  45|0x00000000e2d00000, 0x00000000e2d00000, 0x00000000e2e00000|  0%| F|  |TAMS 0x00000000e2d00000, 0x00000000e2d00000| Untracked 
|  46|0x00000000e2e00000, 0x00000000e2e00000, 0x00000000e2f00000|  0%| F|  |TAMS 0x00000000e2e00000, 0x00000000e2e00000| Untracked 
|  47|0x00000000e2f00000, 0x00000000e2f00000, 0x00000000e3000000|  0%| F|  |TAMS 0x00000000e2f00000, 0x00000000e2f00000| Untracked 
|  48|0x00000000e3000000, 0x00000000e3000000, 0x00000000e3100000|  0%| F|  |TAMS 0x00000000e3000000, 0x00000000e3000000| Untracked 
|  49|0x00000000e3100000, 0x00000000e3100000, 0x00000000e3200000|  0%| F|  |TAMS 0x00000000e3100000, 0x00000000e3100000| Untracked 
|  50|0x00000000e3200000, 0x00000000e3200000, 0x00000000e3300000|  0%| F|  |TAMS 0x00000000e3200000, 0x00000000e3200000| Untracked 
|  51|0x00000000e3300000, 0x00000000e3300000, 0x00000000e3400000|  0%| F|  |TAMS 0x00000000e3300000, 0x00000000e3300000| Untracked 
|  52|0x00000000e3400000, 0x00000000e3400000, 0x00000000e3500000|  0%| F|  |TAMS 0x00000000e3400000, 0x00000000e3400000| Untracked 
|  53|0x00000000e3500000, 0x00000000e3500000, 0x00000000e3600000|  0%| F|  |TAMS 0x00000000e3500000, 0x00000000e3500000| Untracked 
|  54|0x00000000e3600000, 0x00000000e3600000, 0x00000000e3700000|  0%| F|  |TAMS 0x00000000e3600000, 0x00000000e3600000| Untracked 
|  55|0x00000000e3700000, 0x00000000e3700000, 0x00000000e3800000|  0%| F|  |TAMS 0x00000000e3700000, 0x00000000e3700000| Untracked 
|  56|0x00000000e3800000, 0x00000000e3800000, 0x00000000e3900000|  0%| F|  |TAMS 0x00000000e3800000, 0x00000000e3800000| Untracked 
|  57|0x00000000e3900000, 0x00000000e3900000, 0x00000000e3a00000|  0%| F|  |TAMS 0x00000000e3900000, 0x00000000e3900000| Untracked 
|  58|0x00000000e3a00000, 0x00000000e3a00000, 0x00000000e3b00000|  0%| F|  |TAMS 0x00000000e3a00000, 0x00000000e3a00000| Untracked 
|  59|0x00000000e3b00000, 0x00000000e3b00000, 0x00000000e3c00000|  0%| F|  |TAMS 0x00000000e3b00000, 0x00000000e3b00000| Untracked 
|  60|0x00000000e3c00000, 0x00000000e3c00000, 0x00000000e3d00000|  0%| F|  |TAMS 0x00000000e3c00000, 0x00000000e3c00000| Untracked 
|  61|0x00000000e3d00000, 0x00000000e3d00000, 0x00000000e3e00000|  0%| F|  |TAMS 0x00000000e3d00000, 0x00000000e3d00000| Untracked 
|  62|0x00000000e3e00000, 0x00000000e3e00000, 0x00000000e3f00000|  0%| F|  |TAMS 0x00000000e3e00000, 0x00000000e3e00000| Untracked 
|  63|0x00000000e3f00000, 0x00000000e3f00000, 0x00000000e4000000|  0%| F|  |TAMS 0x00000000e3f00000, 0x00000000e3f00000| Untracked 
|  64|0x00000000e4000000, 0x00000000e4000000, 0x00000000e4100000|  0%| F|  |TAMS 0x00000000e4000000, 0x00000000e4000000| Untracked 
|  65|0x00000000e4100000, 0x00000000e4100000, 0x00000000e4200000|  0%| F|  |TAMS 0x00000000e4100000, 0x00000000e4100000| Untracked 
|  66|0x00000000e4200000, 0x00000000e4200000, 0x00000000e4300000|  0%| F|  |TAMS 0x00000000e4200000, 0x00000000e4200000| Untracked 
|  67|0x00000000e4300000, 0x00000000e4300000, 0x00000000e4400000|  0%| F|  |TAMS 0x00000000e4300000, 0x00000000e4300000| Untracked 
|  68|0x00000000e4400000, 0x00000000e4400000, 0x00000000e4500000|  0%| F|  |TAMS 0x00000000e4400000, 0x00000000e4400000| Untracked 
|  69|0x00000000e4500000, 0x00000000e4500000, 0x00000000e4600000|  0%| F|  |TAMS 0x00000000e4500000, 0x00000000e4500000| Untracked 
|  70|0x00000000e4600000, 0x00000000e4600000, 0x00000000e4700000|  0%| F|  |TAMS 0x00000000e4600000, 0x00000000e4600000| Untracked 
|  71|0x00000000e4700000, 0x00000000e4700000, 0x00000000e4800000|  0%| F|  |TAMS 0x00000000e4700000, 0x00000000e4700000| Untracked 
|  72|0x00000000e4800000, 0x00000000e4800000, 0x00000000e4900000|  0%| F|  |TAMS 0x00000000e4800000, 0x00000000e4800000| Untracked 
|  73|0x00000000e4900000, 0x00000000e4900000, 0x00000000e4a00000|  0%| F|  |TAMS 0x00000000e4900000, 0x00000000e4900000| Untracked 
|  74|0x00000000e4a00000, 0x00000000e4a00000, 0x00000000e4b00000|  0%| F|  |TAMS 0x00000000e4a00000, 0x00000000e4a00000| Untracked 
|  75|0x00000000e4b00000, 0x00000000e4b00000, 0x00000000e4c00000|  0%| F|  |TAMS 0x00000000e4b00000, 0x00000000e4b00000| Untracked 
|  76|0x00000000e4c00000, 0x00000000e4c00000, 0x00000000e4d00000|  0%| F|  |TAMS 0x00000000e4c00000, 0x00000000e4c00000| Untracked 
|  77|0x00000000e4d00000, 0x00000000e4d00000, 0x00000000e4e00000|  0%| F|  |TAMS 0x00000000e4d00000, 0x00000000e4d00000| Untracked 
|  78|0x00000000e4e00000, 0x00000000e4e00000, 0x00000000e4f00000|  0%| F|  |TAMS 0x00000000e4e00000, 0x00000000e4e00000| Untracked 
|  79|0x00000000e4f00000, 0x00000000e4f00000, 0x00000000e5000000|  0%| F|  |TAMS 0x00000000e4f00000, 0x00000000e4f00000| Untracked 
|  80|0x00000000e5000000, 0x00000000e5000000, 0x00000000e5100000|  0%| F|  |TAMS 0x00000000e5000000, 0x00000000e5000000| Untracked 
|  81|0x00000000e5100000, 0x00000000e5100000, 0x00000000e5200000|  0%| F|  |TAMS 0x00000000e5100000, 0x00000000e5100000| Untracked 
|  82|0x00000000e5200000, 0x00000000e5200000, 0x00000000e5300000|  0%| F|  |TAMS 0x00000000e5200000, 0x00000000e5200000| Untracked 
|  83|0x00000000e5300000, 0x00000000e5300000, 0x00000000e5400000|  0%| F|  |TAMS 0x00000000e5300000, 0x00000000e5300000| Untracked 
|  84|0x00000000e5400000, 0x00000000e5400000, 0x00000000e5500000|  0%| F|  |TAMS 0x00000000e5400000, 0x00000000e5400000| Untracked 
|  85|0x00000000e5500000, 0x00000000e5500000, 0x00000000e5600000|  0%| F|  |TAMS 0x00000000e5500000, 0x00000000e5500000| Untracked 
|  86|0x00000000e5600000, 0x00000000e5600000, 0x00000000e5700000|  0%| F|  |TAMS 0x00000000e5600000, 0x00000000e5600000| Untracked 
|  87|0x00000000e5700000, 0x00000000e5700000, 0x00000000e5800000|  0%| F|  |TAMS 0x00000000e5700000, 0x00000000e5700000| Untracked 
|  88|0x00000000e5800000, 0x00000000e5800000, 0x00000000e5900000|  0%| F|  |TAMS 0x00000000e5800000, 0x00000000e5800000| Untracked 
|  89|0x00000000e5900000, 0x00000000e5900000, 0x00000000e5a00000|  0%| F|  |TAMS 0x00000000e5900000, 0x00000000e5900000| Untracked 
|  90|0x00000000e5a00000, 0x00000000e5a00000, 0x00000000e5b00000|  0%| F|  |TAMS 0x00000000e5a00000, 0x00000000e5a00000| Untracked 
|  91|0x00000000e5b00000, 0x00000000e5b00000, 0x00000000e5c00000|  0%| F|  |TAMS 0x00000000e5b00000, 0x00000000e5b00000| Untracked 
|  92|0x00000000e5c00000, 0x00000000e5c00000, 0x00000000e5d00000|  0%| F|  |TAMS 0x00000000e5c00000, 0x00000000e5c00000| Untracked 
|  93|0x00000000e5d00000, 0x00000000e5d00000, 0x00000000e5e00000|  0%| F|  |TAMS 0x00000000e5d00000, 0x00000000e5d00000| Untracked 
|  94|0x00000000e5e00000, 0x00000000e5e00000, 0x00000000e5f00000|  0%| F|  |TAMS 0x00000000e5e00000, 0x00000000e5e00000| Untracked 
|  95|0x00000000e5f00000, 0x00000000e5f00000, 0x00000000e6000000|  0%| F|  |TAMS 0x00000000e5f00000, 0x00000000e5f00000| Untracked 
|  96|0x00000000e6000000, 0x00000000e6000000, 0x00000000e6100000|  0%| F|  |TAMS 0x00000000e6000000, 0x00000000e6000000| Untracked 
|  97|0x00000000e6100000, 0x00000000e6100000, 0x00000000e6200000|  0%| F|  |TAMS 0x00000000e6100000, 0x00000000e6100000| Untracked 
|  98|0x00000000e6200000, 0x00000000e6200000, 0x00000000e6300000|  0%| F|  |TAMS 0x00000000e6200000, 0x00000000e6200000| Untracked 
|  99|0x00000000e6300000, 0x00000000e6300000, 0x00000000e6400000|  0%| F|  |TAMS 0x00000000e6300000, 0x00000000e6300000| Untracked 
| 100|0x00000000e6400000, 0x00000000e6400000, 0x00000000e6500000|  0%| F|  |TAMS 0x00000000e6400000, 0x00000000e6400000| Untracked 
| 101|0x00000000e6500000, 0x00000000e6500000, 0x00000000e6600000|  0%| F|  |TAMS 0x00000000e6500000, 0x00000000e6500000| Untracked 
| 102|0x00000000e6600000, 0x00000000e6600000, 0x00000000e6700000|  0%| F|  |TAMS 0x00000000e6600000, 0x00000000e6600000| Untracked 
| 103|0x00000000e6700000, 0x00000000e6700000, 0x00000000e6800000|  0%| F|  |TAMS 0x00000000e6700000, 0x00000000e6700000| Untracked 
| 104|0x00000000e6800000, 0x00000000e6830c88, 0x00000000e6900000| 19%| S|CS|TAMS 0x00000000e6800000, 0x00000000e6800000| Complete 
| 105|0x00000000e6900000, 0x00000000e6a00000, 0x00000000e6a00000|100%| S|CS|TAMS 0x00000000e6900000, 0x00000000e6900000| Complete 
| 106|0x00000000e6a00000, 0x00000000e6b00000, 0x00000000e6b00000|100%| S|CS|TAMS 0x00000000e6a00000, 0x00000000e6a00000| Complete 
| 107|0x00000000e6b00000, 0x00000000e6c00000, 0x00000000e6c00000|100%| S|CS|TAMS 0x00000000e6b00000, 0x00000000e6b00000| Complete 
| 108|0x00000000e6c00000, 0x00000000e6d00000, 0x00000000e6d00000|100%| S|CS|TAMS 0x00000000e6c00000, 0x00000000e6c00000| Complete 
| 109|0x00000000e6d00000, 0x00000000e6e00000, 0x00000000e6e00000|100%| S|CS|TAMS 0x00000000e6d00000, 0x00000000e6d00000| Complete 
| 110|0x00000000e6e00000, 0x00000000e6e00000, 0x00000000e6f00000|  0%| F|  |TAMS 0x00000000e6e00000, 0x00000000e6e00000| Untracked 
| 111|0x00000000e6f00000, 0x00000000e6f00000, 0x00000000e7000000|  0%| F|  |TAMS 0x00000000e6f00000, 0x00000000e6f00000| Untracked 
| 112|0x00000000e7000000, 0x00000000e7000000, 0x00000000e7100000|  0%| F|  |TAMS 0x00000000e7000000, 0x00000000e7000000| Untracked 
| 113|0x00000000e7100000, 0x00000000e7100000, 0x00000000e7200000|  0%| F|  |TAMS 0x00000000e7100000, 0x00000000e7100000| Untracked 
| 114|0x00000000e7200000, 0x00000000e7200000, 0x00000000e7300000|  0%| F|  |TAMS 0x00000000e7200000, 0x00000000e7200000| Untracked 
| 115|0x00000000e7300000, 0x00000000e7300000, 0x00000000e7400000|  0%| F|  |TAMS 0x00000000e7300000, 0x00000000e7300000| Untracked 
| 116|0x00000000e7400000, 0x00000000e7400000, 0x00000000e7500000|  0%| F|  |TAMS 0x00000000e7400000, 0x00000000e7400000| Untracked 
| 117|0x00000000e7500000, 0x00000000e7500000, 0x00000000e7600000|  0%| F|  |TAMS 0x00000000e7500000, 0x00000000e7500000| Untracked 
| 118|0x00000000e7600000, 0x00000000e7600000, 0x00000000e7700000|  0%| F|  |TAMS 0x00000000e7600000, 0x00000000e7600000| Untracked 
| 119|0x00000000e7700000, 0x00000000e7700000, 0x00000000e7800000|  0%| F|  |TAMS 0x00000000e7700000, 0x00000000e7700000| Untracked 
| 120|0x00000000e7800000, 0x00000000e7800000, 0x00000000e7900000|  0%| F|  |TAMS 0x00000000e7800000, 0x00000000e7800000| Untracked 
| 121|0x00000000e7900000, 0x00000000e7900000, 0x00000000e7a00000|  0%| F|  |TAMS 0x00000000e7900000, 0x00000000e7900000| Untracked 
| 122|0x00000000e7a00000, 0x00000000e7a00000, 0x00000000e7b00000|  0%| F|  |TAMS 0x00000000e7a00000, 0x00000000e7a00000| Untracked 
| 123|0x00000000e7b00000, 0x00000000e7b00000, 0x00000000e7c00000|  0%| F|  |TAMS 0x00000000e7b00000, 0x00000000e7b00000| Untracked 
| 124|0x00000000e7c00000, 0x00000000e7c00000, 0x00000000e7d00000|  0%| F|  |TAMS 0x00000000e7c00000, 0x00000000e7c00000| Untracked 
| 125|0x00000000e7d00000, 0x00000000e7d00000, 0x00000000e7e00000|  0%| F|  |TAMS 0x00000000e7d00000, 0x00000000e7d00000| Untracked 
| 126|0x00000000e7e00000, 0x00000000e7e00000, 0x00000000e7f00000|  0%| F|  |TAMS 0x00000000e7e00000, 0x00000000e7e00000| Untracked 
| 127|0x00000000e7f00000, 0x00000000e7f00000, 0x00000000e8000000|  0%| F|  |TAMS 0x00000000e7f00000, 0x00000000e7f00000| Untracked 
| 128|0x00000000e8000000, 0x00000000e8000000, 0x00000000e8100000|  0%| F|  |TAMS 0x00000000e8000000, 0x00000000e8000000| Untracked 
| 129|0x00000000e8100000, 0x00000000e8100000, 0x00000000e8200000|  0%| F|  |TAMS 0x00000000e8100000, 0x00000000e8100000| Untracked 
| 130|0x00000000e8200000, 0x00000000e8200000, 0x00000000e8300000|  0%| F|  |TAMS 0x00000000e8200000, 0x00000000e8200000| Untracked 
| 131|0x00000000e8300000, 0x00000000e8300000, 0x00000000e8400000|  0%| F|  |TAMS 0x00000000e8300000, 0x00000000e8300000| Untracked 
| 132|0x00000000e8400000, 0x00000000e8400000, 0x00000000e8500000|  0%| F|  |TAMS 0x00000000e8400000, 0x00000000e8400000| Untracked 
| 133|0x00000000e8500000, 0x00000000e8500000, 0x00000000e8600000|  0%| F|  |TAMS 0x00000000e8500000, 0x00000000e8500000| Untracked 
| 134|0x00000000e8600000, 0x00000000e8600000, 0x00000000e8700000|  0%| F|  |TAMS 0x00000000e8600000, 0x00000000e8600000| Untracked 
| 135|0x00000000e8700000, 0x00000000e8700000, 0x00000000e8800000|  0%| F|  |TAMS 0x00000000e8700000, 0x00000000e8700000| Untracked 
| 136|0x00000000e8800000, 0x00000000e8800000, 0x00000000e8900000|  0%| F|  |TAMS 0x00000000e8800000, 0x00000000e8800000| Untracked 
| 137|0x00000000e8900000, 0x00000000e8900000, 0x00000000e8a00000|  0%| F|  |TAMS 0x00000000e8900000, 0x00000000e8900000| Untracked 
| 138|0x00000000e8a00000, 0x00000000e8a00000, 0x00000000e8b00000|  0%| F|  |TAMS 0x00000000e8a00000, 0x00000000e8a00000| Untracked 
| 139|0x00000000e8b00000, 0x00000000e8b00000, 0x00000000e8c00000|  0%| F|  |TAMS 0x00000000e8b00000, 0x00000000e8b00000| Untracked 
| 140|0x00000000e8c00000, 0x00000000e8c00000, 0x00000000e8d00000|  0%| F|  |TAMS 0x00000000e8c00000, 0x00000000e8c00000| Untracked 
| 141|0x00000000e8d00000, 0x00000000e8d00000, 0x00000000e8e00000|  0%| F|  |TAMS 0x00000000e8d00000, 0x00000000e8d00000| Untracked 
| 142|0x00000000e8e00000, 0x00000000e8e00000, 0x00000000e8f00000|  0%| F|  |TAMS 0x00000000e8e00000, 0x00000000e8e00000| Untracked 
| 143|0x00000000e8f00000, 0x00000000e8f00000, 0x00000000e9000000|  0%| F|  |TAMS 0x00000000e8f00000, 0x00000000e8f00000| Untracked 
| 144|0x00000000e9000000, 0x00000000e9000000, 0x00000000e9100000|  0%| F|  |TAMS 0x00000000e9000000, 0x00000000e9000000| Untracked 
| 145|0x00000000e9100000, 0x00000000e9100000, 0x00000000e9200000|  0%| F|  |TAMS 0x00000000e9100000, 0x00000000e9100000| Untracked 
| 146|0x00000000e9200000, 0x00000000e9200000, 0x00000000e9300000|  0%| F|  |TAMS 0x00000000e9200000, 0x00000000e9200000| Untracked 
| 147|0x00000000e9300000, 0x00000000e9300000, 0x00000000e9400000|  0%| F|  |TAMS 0x00000000e9300000, 0x00000000e9300000| Untracked 
| 148|0x00000000e9400000, 0x00000000e9400000, 0x00000000e9500000|  0%| F|  |TAMS 0x00000000e9400000, 0x00000000e9400000| Untracked 
| 149|0x00000000e9500000, 0x00000000e9500000, 0x00000000e9600000|  0%| F|  |TAMS 0x00000000e9500000, 0x00000000e9500000| Untracked 
| 150|0x00000000e9600000, 0x00000000e9600000, 0x00000000e9700000|  0%| F|  |TAMS 0x00000000e9600000, 0x00000000e9600000| Untracked 
| 151|0x00000000e9700000, 0x00000000e9700000, 0x00000000e9800000|  0%| F|  |TAMS 0x00000000e9700000, 0x00000000e9700000| Untracked 
| 152|0x00000000e9800000, 0x00000000e9800000, 0x00000000e9900000|  0%| F|  |TAMS 0x00000000e9800000, 0x00000000e9800000| Untracked 
| 153|0x00000000e9900000, 0x00000000e9900000, 0x00000000e9a00000|  0%| F|  |TAMS 0x00000000e9900000, 0x00000000e9900000| Untracked 
| 154|0x00000000e9a00000, 0x00000000e9a00000, 0x00000000e9b00000|  0%| F|  |TAMS 0x00000000e9a00000, 0x00000000e9a00000| Untracked 
| 155|0x00000000e9b00000, 0x00000000e9b00000, 0x00000000e9c00000|  0%| F|  |TAMS 0x00000000e9b00000, 0x00000000e9b00000| Untracked 
| 156|0x00000000e9c00000, 0x00000000e9c00000, 0x00000000e9d00000|  0%| F|  |TAMS 0x00000000e9c00000, 0x00000000e9c00000| Untracked 
| 157|0x00000000e9d00000, 0x00000000e9d00000, 0x00000000e9e00000|  0%| F|  |TAMS 0x00000000e9d00000, 0x00000000e9d00000| Untracked 
| 158|0x00000000e9e00000, 0x00000000e9e00000, 0x00000000e9f00000|  0%| F|  |TAMS 0x00000000e9e00000, 0x00000000e9e00000| Untracked 
| 159|0x00000000e9f00000, 0x00000000e9f00000, 0x00000000ea000000|  0%| F|  |TAMS 0x00000000e9f00000, 0x00000000e9f00000| Untracked 
| 160|0x00000000ea000000, 0x00000000ea000000, 0x00000000ea100000|  0%| F|  |TAMS 0x00000000ea000000, 0x00000000ea000000| Untracked 
| 161|0x00000000ea100000, 0x00000000ea100000, 0x00000000ea200000|  0%| F|  |TAMS 0x00000000ea100000, 0x00000000ea100000| Untracked 
| 162|0x00000000ea200000, 0x00000000ea200000, 0x00000000ea300000|  0%| F|  |TAMS 0x00000000ea200000, 0x00000000ea200000| Untracked 
| 163|0x00000000ea300000, 0x00000000ea300000, 0x00000000ea400000|  0%| F|  |TAMS 0x00000000ea300000, 0x00000000ea300000| Untracked 
| 164|0x00000000ea400000, 0x00000000ea400000, 0x00000000ea500000|  0%| F|  |TAMS 0x00000000ea400000, 0x00000000ea400000| Untracked 
| 165|0x00000000ea500000, 0x00000000ea500000, 0x00000000ea600000|  0%| F|  |TAMS 0x00000000ea500000, 0x00000000ea500000| Untracked 
| 166|0x00000000ea600000, 0x00000000ea600000, 0x00000000ea700000|  0%| F|  |TAMS 0x00000000ea600000, 0x00000000ea600000| Untracked 
| 167|0x00000000ea700000, 0x00000000ea700000, 0x00000000ea800000|  0%| F|  |TAMS 0x00000000ea700000, 0x00000000ea700000| Untracked 
| 168|0x00000000ea800000, 0x00000000ea800000, 0x00000000ea900000|  0%| F|  |TAMS 0x00000000ea800000, 0x00000000ea800000| Untracked 
| 169|0x00000000ea900000, 0x00000000ea900000, 0x00000000eaa00000|  0%| F|  |TAMS 0x00000000ea900000, 0x00000000ea900000| Untracked 
| 170|0x00000000eaa00000, 0x00000000eaa00000, 0x00000000eab00000|  0%| F|  |TAMS 0x00000000eaa00000, 0x00000000eaa00000| Untracked 
| 171|0x00000000eab00000, 0x00000000eab00000, 0x00000000eac00000|  0%| F|  |TAMS 0x00000000eab00000, 0x00000000eab00000| Untracked 
| 172|0x00000000eac00000, 0x00000000eac00000, 0x00000000ead00000|  0%| F|  |TAMS 0x00000000eac00000, 0x00000000eac00000| Untracked 
| 173|0x00000000ead00000, 0x00000000ead00000, 0x00000000eae00000|  0%| F|  |TAMS 0x00000000ead00000, 0x00000000ead00000| Untracked 
| 174|0x00000000eae00000, 0x00000000eae00000, 0x00000000eaf00000|  0%| F|  |TAMS 0x00000000eae00000, 0x00000000eae00000| Untracked 
| 175|0x00000000eaf00000, 0x00000000eaf00000, 0x00000000eb000000|  0%| F|  |TAMS 0x00000000eaf00000, 0x00000000eaf00000| Untracked 
| 176|0x00000000eb000000, 0x00000000eb000000, 0x00000000eb100000|  0%| F|  |TAMS 0x00000000eb000000, 0x00000000eb000000| Untracked 
| 177|0x00000000eb100000, 0x00000000eb100000, 0x00000000eb200000|  0%| F|  |TAMS 0x00000000eb100000, 0x00000000eb100000| Untracked 
| 178|0x00000000eb200000, 0x00000000eb200000, 0x00000000eb300000|  0%| F|  |TAMS 0x00000000eb200000, 0x00000000eb200000| Untracked 
| 179|0x00000000eb300000, 0x00000000eb300000, 0x00000000eb400000|  0%| F|  |TAMS 0x00000000eb300000, 0x00000000eb300000| Untracked 
| 180|0x00000000eb400000, 0x00000000eb400000, 0x00000000eb500000|  0%| F|  |TAMS 0x00000000eb400000, 0x00000000eb400000| Untracked 
| 181|0x00000000eb500000, 0x00000000eb500000, 0x00000000eb600000|  0%| F|  |TAMS 0x00000000eb500000, 0x00000000eb500000| Untracked 
| 182|0x00000000eb600000, 0x00000000eb600000, 0x00000000eb700000|  0%| F|  |TAMS 0x00000000eb600000, 0x00000000eb600000| Untracked 
| 183|0x00000000eb700000, 0x00000000eb700000, 0x00000000eb800000|  0%| F|  |TAMS 0x00000000eb700000, 0x00000000eb700000| Untracked 
| 184|0x00000000eb800000, 0x00000000eb800000, 0x00000000eb900000|  0%| F|  |TAMS 0x00000000eb800000, 0x00000000eb800000| Untracked 
| 185|0x00000000eb900000, 0x00000000eb900000, 0x00000000eba00000|  0%| F|  |TAMS 0x00000000eb900000, 0x00000000eb900000| Untracked 
| 186|0x00000000eba00000, 0x00000000eba00000, 0x00000000ebb00000|  0%| F|  |TAMS 0x00000000eba00000, 0x00000000eba00000| Untracked 
| 187|0x00000000ebb00000, 0x00000000ebb00000, 0x00000000ebc00000|  0%| F|  |TAMS 0x00000000ebb00000, 0x00000000ebb00000| Untracked 
| 188|0x00000000ebc00000, 0x00000000ebc00000, 0x00000000ebd00000|  0%| F|  |TAMS 0x00000000ebc00000, 0x00000000ebc00000| Untracked 
| 189|0x00000000ebd00000, 0x00000000ebd00000, 0x00000000ebe00000|  0%| F|  |TAMS 0x00000000ebd00000, 0x00000000ebd00000| Untracked 
| 190|0x00000000ebe00000, 0x00000000ebe00000, 0x00000000ebf00000|  0%| F|  |TAMS 0x00000000ebe00000, 0x00000000ebe00000| Untracked 
| 191|0x00000000ebf00000, 0x00000000ebf00000, 0x00000000ec000000|  0%| F|  |TAMS 0x00000000ebf00000, 0x00000000ebf00000| Untracked 
| 192|0x00000000ec000000, 0x00000000ec000000, 0x00000000ec100000|  0%| F|  |TAMS 0x00000000ec000000, 0x00000000ec000000| Untracked 
| 193|0x00000000ec100000, 0x00000000ec100000, 0x00000000ec200000|  0%| F|  |TAMS 0x00000000ec100000, 0x00000000ec100000| Untracked 
| 194|0x00000000ec200000, 0x00000000ec200000, 0x00000000ec300000|  0%| F|  |TAMS 0x00000000ec200000, 0x00000000ec200000| Untracked 
| 195|0x00000000ec300000, 0x00000000ec300000, 0x00000000ec400000|  0%| F|  |TAMS 0x00000000ec300000, 0x00000000ec300000| Untracked 
| 196|0x00000000ec400000, 0x00000000ec400000, 0x00000000ec500000|  0%| F|  |TAMS 0x00000000ec400000, 0x00000000ec400000| Untracked 
| 197|0x00000000ec500000, 0x00000000ec500000, 0x00000000ec600000|  0%| F|  |TAMS 0x00000000ec500000, 0x00000000ec500000| Untracked 
| 198|0x00000000ec600000, 0x00000000ec600000, 0x00000000ec700000|  0%| F|  |TAMS 0x00000000ec600000, 0x00000000ec600000| Untracked 
| 199|0x00000000ec700000, 0x00000000ec700000, 0x00000000ec800000|  0%| F|  |TAMS 0x00000000ec700000, 0x00000000ec700000| Untracked 
| 200|0x00000000ec800000, 0x00000000ec800000, 0x00000000ec900000|  0%| F|  |TAMS 0x00000000ec800000, 0x00000000ec800000| Untracked 
| 201|0x00000000ec900000, 0x00000000ec900000, 0x00000000eca00000|  0%| F|  |TAMS 0x00000000ec900000, 0x00000000ec900000| Untracked 
| 202|0x00000000eca00000, 0x00000000eca00000, 0x00000000ecb00000|  0%| F|  |TAMS 0x00000000eca00000, 0x00000000eca00000| Untracked 
| 203|0x00000000ecb00000, 0x00000000ecb00000, 0x00000000ecc00000|  0%| F|  |TAMS 0x00000000ecb00000, 0x00000000ecb00000| Untracked 
| 204|0x00000000ecc00000, 0x00000000ecc00000, 0x00000000ecd00000|  0%| F|  |TAMS 0x00000000ecc00000, 0x00000000ecc00000| Untracked 
| 205|0x00000000ecd00000, 0x00000000ecd00000, 0x00000000ece00000|  0%| F|  |TAMS 0x00000000ecd00000, 0x00000000ecd00000| Untracked 
| 206|0x00000000ece00000, 0x00000000ece00000, 0x00000000ecf00000|  0%| F|  |TAMS 0x00000000ece00000, 0x00000000ece00000| Untracked 
| 207|0x00000000ecf00000, 0x00000000ecf00000, 0x00000000ed000000|  0%| F|  |TAMS 0x00000000ecf00000, 0x00000000ecf00000| Untracked 
| 208|0x00000000ed000000, 0x00000000ed000000, 0x00000000ed100000|  0%| F|  |TAMS 0x00000000ed000000, 0x00000000ed000000| Untracked 
| 209|0x00000000ed100000, 0x00000000ed100000, 0x00000000ed200000|  0%| F|  |TAMS 0x00000000ed100000, 0x00000000ed100000| Untracked 
| 210|0x00000000ed200000, 0x00000000ed200000, 0x00000000ed300000|  0%| F|  |TAMS 0x00000000ed200000, 0x00000000ed200000| Untracked 
| 211|0x00000000ed300000, 0x00000000ed300000, 0x00000000ed400000|  0%| F|  |TAMS 0x00000000ed300000, 0x00000000ed300000| Untracked 
| 212|0x00000000ed400000, 0x00000000ed400000, 0x00000000ed500000|  0%| F|  |TAMS 0x00000000ed400000, 0x00000000ed400000| Untracked 
| 213|0x00000000ed500000, 0x00000000ed500000, 0x00000000ed600000|  0%| F|  |TAMS 0x00000000ed500000, 0x00000000ed500000| Untracked 
| 214|0x00000000ed600000, 0x00000000ed600000, 0x00000000ed700000|  0%| F|  |TAMS 0x00000000ed600000, 0x00000000ed600000| Untracked 
| 215|0x00000000ed700000, 0x00000000ed700000, 0x00000000ed800000|  0%| F|  |TAMS 0x00000000ed700000, 0x00000000ed700000| Untracked 
| 216|0x00000000ed800000, 0x00000000ed800000, 0x00000000ed900000|  0%| F|  |TAMS 0x00000000ed800000, 0x00000000ed800000| Untracked 
| 217|0x00000000ed900000, 0x00000000ed900000, 0x00000000eda00000|  0%| F|  |TAMS 0x00000000ed900000, 0x00000000ed900000| Untracked 
| 218|0x00000000eda00000, 0x00000000eda00000, 0x00000000edb00000|  0%| F|  |TAMS 0x00000000eda00000, 0x00000000eda00000| Untracked 
| 219|0x00000000edb00000, 0x00000000edb00000, 0x00000000edc00000|  0%| F|  |TAMS 0x00000000edb00000, 0x00000000edb00000| Untracked 
| 220|0x00000000edc00000, 0x00000000edc00000, 0x00000000edd00000|  0%| F|  |TAMS 0x00000000edc00000, 0x00000000edc00000| Untracked 
| 221|0x00000000edd00000, 0x00000000edd00000, 0x00000000ede00000|  0%| F|  |TAMS 0x00000000edd00000, 0x00000000edd00000| Untracked 
| 222|0x00000000ede00000, 0x00000000ede00000, 0x00000000edf00000|  0%| F|  |TAMS 0x00000000ede00000, 0x00000000ede00000| Untracked 
| 223|0x00000000edf00000, 0x00000000edf00000, 0x00000000ee000000|  0%| F|  |TAMS 0x00000000edf00000, 0x00000000edf00000| Untracked 
| 224|0x00000000ee000000, 0x00000000ee000000, 0x00000000ee100000|  0%| F|  |TAMS 0x00000000ee000000, 0x00000000ee000000| Untracked 
| 225|0x00000000ee100000, 0x00000000ee100000, 0x00000000ee200000|  0%| F|  |TAMS 0x00000000ee100000, 0x00000000ee100000| Untracked 
| 226|0x00000000ee200000, 0x00000000ee200000, 0x00000000ee300000|  0%| F|  |TAMS 0x00000000ee200000, 0x00000000ee200000| Untracked 
| 227|0x00000000ee300000, 0x00000000ee300000, 0x00000000ee400000|  0%| F|  |TAMS 0x00000000ee300000, 0x00000000ee300000| Untracked 
| 228|0x00000000ee400000, 0x00000000ee400000, 0x00000000ee500000|  0%| F|  |TAMS 0x00000000ee400000, 0x00000000ee400000| Untracked 
| 229|0x00000000ee500000, 0x00000000ee600000, 0x00000000ee600000|100%| E|  |TAMS 0x00000000ee500000, 0x00000000ee500000| Complete 
| 230|0x00000000ee600000, 0x00000000ee700000, 0x00000000ee700000|100%| E|CS|TAMS 0x00000000ee600000, 0x00000000ee600000| Complete 
| 231|0x00000000ee700000, 0x00000000ee800000, 0x00000000ee800000|100%| E|CS|TAMS 0x00000000ee700000, 0x00000000ee700000| Complete 
| 232|0x00000000ee800000, 0x00000000ee900000, 0x00000000ee900000|100%| E|CS|TAMS 0x00000000ee800000, 0x00000000ee800000| Complete 
| 233|0x00000000ee900000, 0x00000000eea00000, 0x00000000eea00000|100%| E|CS|TAMS 0x00000000ee900000, 0x00000000ee900000| Complete 
| 234|0x00000000eea00000, 0x00000000eeb00000, 0x00000000eeb00000|100%| E|CS|TAMS 0x00000000eea00000, 0x00000000eea00000| Complete 
| 235|0x00000000eeb00000, 0x00000000eec00000, 0x00000000eec00000|100%| E|CS|TAMS 0x00000000eeb00000, 0x00000000eeb00000| Complete 
| 236|0x00000000eec00000, 0x00000000eed00000, 0x00000000eed00000|100%| E|CS|TAMS 0x00000000eec00000, 0x00000000eec00000| Complete 
| 237|0x00000000eed00000, 0x00000000eee00000, 0x00000000eee00000|100%| E|CS|TAMS 0x00000000eed00000, 0x00000000eed00000| Complete 
| 238|0x00000000eee00000, 0x00000000eef00000, 0x00000000eef00000|100%| E|CS|TAMS 0x00000000eee00000, 0x00000000eee00000| Complete 
| 239|0x00000000eef00000, 0x00000000ef000000, 0x00000000ef000000|100%| E|CS|TAMS 0x00000000eef00000, 0x00000000eef00000| Complete 
| 240|0x00000000ef000000, 0x00000000ef100000, 0x00000000ef100000|100%| E|CS|TAMS 0x00000000ef000000, 0x00000000ef000000| Complete 
| 241|0x00000000ef100000, 0x00000000ef200000, 0x00000000ef200000|100%| E|CS|TAMS 0x00000000ef100000, 0x00000000ef100000| Complete 
| 242|0x00000000ef200000, 0x00000000ef300000, 0x00000000ef300000|100%| E|CS|TAMS 0x00000000ef200000, 0x00000000ef200000| Complete 
| 243|0x00000000ef300000, 0x00000000ef400000, 0x00000000ef400000|100%| E|CS|TAMS 0x00000000ef300000, 0x00000000ef300000| Complete 
| 244|0x00000000ef400000, 0x00000000ef500000, 0x00000000ef500000|100%| E|CS|TAMS 0x00000000ef400000, 0x00000000ef400000| Complete 
| 245|0x00000000ef500000, 0x00000000ef600000, 0x00000000ef600000|100%| E|CS|TAMS 0x00000000ef500000, 0x00000000ef500000| Complete 
| 246|0x00000000ef600000, 0x00000000ef700000, 0x00000000ef700000|100%| E|CS|TAMS 0x00000000ef600000, 0x00000000ef600000| Complete 
| 247|0x00000000ef700000, 0x00000000ef800000, 0x00000000ef800000|100%| E|CS|TAMS 0x00000000ef700000, 0x00000000ef700000| Complete 
| 248|0x00000000ef800000, 0x00000000ef900000, 0x00000000ef900000|100%| E|CS|TAMS 0x00000000ef800000, 0x00000000ef800000| Complete 
| 249|0x00000000ef900000, 0x00000000efa00000, 0x00000000efa00000|100%| E|CS|TAMS 0x00000000ef900000, 0x00000000ef900000| Complete 
| 250|0x00000000efa00000, 0x00000000efb00000, 0x00000000efb00000|100%| E|CS|TAMS 0x00000000efa00000, 0x00000000efa00000| Complete 
| 251|0x00000000efb00000, 0x00000000efc00000, 0x00000000efc00000|100%| E|CS|TAMS 0x00000000efb00000, 0x00000000efb00000| Complete 
| 252|0x00000000efc00000, 0x00000000efd00000, 0x00000000efd00000|100%| E|CS|TAMS 0x00000000efc00000, 0x00000000efc00000| Complete 
| 253|0x00000000efd00000, 0x00000000efe00000, 0x00000000efe00000|100%| E|CS|TAMS 0x00000000efd00000, 0x00000000efd00000| Complete 
| 254|0x00000000efe00000, 0x00000000eff00000, 0x00000000eff00000|100%| E|CS|TAMS 0x00000000efe00000, 0x00000000efe00000| Complete 
| 255|0x00000000eff00000, 0x00000000f0000000, 0x00000000f0000000|100%| E|CS|TAMS 0x00000000eff00000, 0x00000000eff00000| Complete 

Card table byte_map: [0x00000251742d0000,0x00000251743d0000] _byte_map_base: 0x0000025173bd0000

Marking Bits (Prev, Next): (CMBitMap*) 0x000002515d0b7550, (CMBitMap*) 0x000002515d0b7510
 Prev Bits: [0x0000025174cd0000, 0x00000251754d0000)
 Next Bits: [0x00000251744d0000, 0x0000025174cd0000)

Polling page: 0x000002515c870000

Metaspace:

Usage:
  Non-class:     57.77 MB capacity,    55.74 MB ( 96%) used,     1.85 MB (  3%) free+waste,   187.50 KB ( <1%) overhead. 
      Class:      9.08 MB capacity,     8.00 MB ( 88%) used,  1014.04 KB ( 11%) free+waste,    86.31 KB ( <1%) overhead. 
       Both:     66.85 MB capacity,    63.74 MB ( 95%) used,     2.84 MB (  4%) free+waste,   273.81 KB ( <1%) overhead. 

Virtual space:
  Non-class space:       58.00 MB reserved,      57.83 MB (>99%) committed 
      Class space:      248.00 MB reserved,       9.12 MB (  4%) committed 
             Both:      306.00 MB reserved,      66.95 MB ( 22%) committed 

Chunk freelists:
   Non-Class:  0 bytes
       Class:  15.00 KB
        Both:  15.00 KB

MaxMetaspaceSize: 256.00 MB
CompressedClassSpaceSize: 248.00 MB

CodeHeap 'non-profiled nmethods': size=120000Kb used=10783Kb max_used=10783Kb free=109216Kb
 bounds [0x000002516cda0000, 0x000002516d830000, 0x00000251742d0000]
CodeHeap 'profiled nmethods': size=120000Kb used=27658Kb max_used=27658Kb free=92341Kb
 bounds [0x0000025165870000, 0x0000025167380000, 0x000002516cda0000]
CodeHeap 'non-nmethods': size=5760Kb used=2360Kb max_used=2470Kb free=3399Kb
 bounds [0x00000251652d0000, 0x0000025165550000, 0x0000025165870000]
 total_blobs=15256 nmethods=14405 adapters=762
 compilation: enabled
              stopped_count=0, restarted_count=0
 full_count=0

Compilation events (20 events):
Event: 5584.518 Thread 0x0000025177aaab30 nmethod 17299 0x0000025167375110 code [0x00000251673752c0, 0x00000251673754d8]
Event: 5584.524 Thread 0x0000025177aaa180 17300       4       org.gradle.internal.snapshot.PartialDirectorySnapshot::withIncompleteChildren (10 bytes)
Event: 5584.527 Thread 0x0000025177aaa180 nmethod 17300 0x000002516d811a90 code [0x000002516d811c20, 0x000002516d811d98]
Event: 5584.527 Thread 0x0000025177aaa180 17301       4       com.google.common.collect.CompactHashMap::insertEntry (31 bytes)
Event: 5584.531 Thread 0x0000025177aaa180 nmethod 17301 0x000002516d811e90 code [0x000002516d812020, 0x000002516d8123b8]
Event: 5584.550 Thread 0x0000025177aaab30 17302       3       java.util.HashMap::<init> (17 bytes)
Event: 5584.550 Thread 0x0000025177aaa180 17303       4       java.util.HashMap::putMapEntries (167 bytes)
Event: 5584.552 Thread 0x0000025177aaab30 nmethod 17302 0x0000025167375610 code [0x00000251673757c0, 0x00000251673759c8]
Event: 5584.560 Thread 0x0000025177aaa180 nmethod 17303 0x000002516d812590 code [0x000002516d812780, 0x000002516d812bd8]
Event: 5586.159 Thread 0x0000025177aaa180 17304   !   4       sun.nio.ch.IOUtil::write (174 bytes)
Event: 5586.336 Thread 0x0000025177aaa180 nmethod 17304 0x000002516d813010 code [0x000002516d8133c0, 0x000002516d816b68]
Event: 5586.337 Thread 0x0000025177aaa180 17305       4       sun.nio.ch.IOUtil::writeFromNativeBuffer (157 bytes)
Event: 5586.340 Thread 0x0000025177aaa180 nmethod 17305 0x000002516d818a10 code [0x000002516d818bc0, 0x000002516d818e48]
Event: 5586.909 Thread 0x0000025177aaa180 17306       4       java.util.TreeMap$EntryIterator::next (5 bytes)
Event: 5586.916 Thread 0x0000025177aaa180 nmethod 17306 0x000002516d819210 code [0x000002516d8193a0, 0x000002516d8196d8]
Event: 5591.662 Thread 0x0000025177aaab30 17307       3       IJTestEventLogger::$getCallSiteArray (40 bytes)
Event: 5591.667 Thread 0x0000025177aaab30 nmethod 17307 0x0000025167375b10 code [0x0000025167375d20, 0x0000025167376468]
Event: 5805.864 Thread 0x0000025177aaa180 17308 % !   4       org.gradle.launcher.daemon.server.exec.LogToClient$AsynchronousLogDispatcher::run @ 0 (62 bytes)
Event: 5806.691 Thread 0x0000025177aaa180 nmethod 17308% 0x000002516d819890 code [0x000002516d819fc0, 0x000002516d821c20]
Event: 5822.296 Thread 0x0000025177aaa180 17309   !   4       org.gradle.launcher.daemon.server.exec.LogToClient$AsynchronousLogDispatcher::run (62 bytes)

GC Heap History (20 events):
Event: 754.265 GC heap before
{Heap before GC invocations=8 (full 0):
 garbage-first heap   total 262144K, used 178603K [0x00000000e0000000, 0x0000000100000000)
  region size 1024K, 152 young (155648K), 18 survivors (18432K)
 Metaspace       used 57419K, capacity 58710K, committed 58928K, reserved 305152K
  class space    used 7539K, capacity 8002K, committed 8064K, reserved 253952K
}
Event: 754.516 GC heap after
{Heap after GC invocations=9 (full 0):
 garbage-first heap   total 262144K, used 51155K [0x00000000e0000000, 0x0000000100000000)
  region size 1024K, 9 young (9216K), 9 survivors (9216K)
 Metaspace       used 57419K, capacity 58710K, committed 58928K, reserved 305152K
  class space    used 7539K, capacity 8002K, committed 8064K, reserved 253952K
}
Event: 1192.985 GC heap before
{Heap before GC invocations=9 (full 0):
 garbage-first heap   total 262144K, used 136147K [0x00000000e0000000, 0x0000000100000000)
  region size 1024K, 94 young (96256K), 9 survivors (9216K)
 Metaspace       used 58683K, capacity 60152K, committed 60240K, reserved 307200K
  class space    used 7603K, capacity 8118K, committed 8192K, reserved 253952K
}
Event: 1193.085 GC heap after
{Heap after GC invocations=10 (full 0):
 garbage-first heap   total 262144K, used 49091K [0x00000000e0000000, 0x0000000100000000)
  region size 1024K, 7 young (7168K), 7 survivors (7168K)
 Metaspace       used 58683K, capacity 60152K, committed 60240K, reserved 307200K
  class space    used 7603K, capacity 8118K, committed 8192K, reserved 253952K
}
Event: 1593.339 GC heap before
{Heap before GC invocations=11 (full 0):
 garbage-first heap   total 262144K, used 181187K [0x00000000e0000000, 0x0000000100000000)
  region size 1024K, 137 young (140288K), 7 survivors (7168K)
 Metaspace       used 60144K, capacity 61809K, committed 61904K, reserved 309248K
  class space    used 7711K, capacity 8269K, committed 8320K, reserved 253952K
}
Event: 1593.476 GC heap after
{Heap after GC invocations=12 (full 0):
 garbage-first heap   total 262144K, used 50628K [0x00000000e0000000, 0x0000000100000000)
  region size 1024K, 9 young (9216K), 9 survivors (9216K)
 Metaspace       used 60144K, capacity 61809K, committed 61904K, reserved 309248K
  class space    used 7711K, capacity 8269K, committed 8320K, reserved 253952K
}
Event: 2057.949 GC heap before
{Heap before GC invocations=12 (full 0):
 garbage-first heap   total 262144K, used 183748K [0x00000000e0000000, 0x0000000100000000)
  region size 1024K, 140 young (143360K), 9 survivors (9216K)
 Metaspace       used 61953K, capacity 64159K, committed 64464K, reserved 311296K
  class space    used 7955K, capacity 8732K, committed 8832K, reserved 253952K
}
Event: 2058.024 GC heap after
{Heap after GC invocations=13 (full 0):
 garbage-first heap   total 262144K, used 51881K [0x00000000e0000000, 0x0000000100000000)
  region size 1024K, 10 young (10240K), 10 survivors (10240K)
 Metaspace       used 61953K, capacity 64159K, committed 64464K, reserved 311296K
  class space    used 7955K, capacity 8732K, committed 8832K, reserved 253952K
}
Event: 2337.799 GC heap before
{Heap before GC invocations=13 (full 0):
 garbage-first heap   total 262144K, used 197289K [0x00000000e0000000, 0x0000000100000000)
  region size 1024K, 153 young (156672K), 10 survivors (10240K)
 Metaspace       used 62495K, capacity 64851K, committed 64976K, reserved 311296K
  class space    used 7985K, capacity 8812K, committed 8832K, reserved 253952K
}
Event: 2337.934 GC heap after
{Heap after GC invocations=14 (full 0):
 garbage-first heap   total 262144K, used 55304K [0x00000000e0000000, 0x0000000100000000)
  region size 1024K, 14 young (14336K), 14 survivors (14336K)
 Metaspace       used 62495K, capacity 64851K, committed 64976K, reserved 311296K
  class space    used 7985K, capacity 8812K, committed 8832K, reserved 253952K
}
Event: 3460.441 GC heap before
{Heap before GC invocations=14 (full 0):
 garbage-first heap   total 262144K, used 196616K [0x00000000e0000000, 0x0000000100000000)
  region size 1024K, 153 young (156672K), 14 survivors (14336K)
 Metaspace       used 63028K, capacity 65375K, committed 65616K, reserved 311296K
  class space    used 8019K, capacity 8875K, committed 8960K, reserved 253952K
}
Event: 3460.553 GC heap after
{Heap after GC invocations=15 (full 0):
 garbage-first heap   total 262144K, used 52468K [0x00000000e0000000, 0x0000000100000000)
  region size 1024K, 8 young (8192K), 8 survivors (8192K)
 Metaspace       used 63028K, capacity 65375K, committed 65616K, reserved 311296K
  class space    used 8019K, capacity 8875K, committed 8960K, reserved 253952K
}
Event: 4108.084 GC heap before
{Heap before GC invocations=15 (full 0):
 garbage-first heap   total 262144K, used 199924K [0x00000000e0000000, 0x0000000100000000)
  region size 1024K, 153 young (156672K), 8 survivors (8192K)
 Metaspace       used 63714K, capacity 66390K, committed 66512K, reserved 313344K
  class space    used 8082K, capacity 9014K, committed 9088K, reserved 253952K
}
Event: 4108.207 GC heap after
{Heap after GC invocations=16 (full 0):
 garbage-first heap   total 262144K, used 56482K [0x00000000e0000000, 0x0000000100000000)
  region size 1024K, 12 young (12288K), 12 survivors (12288K)
 Metaspace       used 63714K, capacity 66390K, committed 66512K, reserved 313344K
  class space    used 8082K, capacity 9014K, committed 9088K, reserved 253952K
}
Event: 4589.157 GC heap before
{Heap before GC invocations=16 (full 0):
 garbage-first heap   total 262144K, used 199842K [0x00000000e0000000, 0x0000000100000000)
  region size 1024K, 153 young (156672K), 12 survivors (12288K)
 Metaspace       used 64013K, capacity 66740K, committed 67024K, reserved 313344K
  class space    used 8086K, capacity 9019K, committed 9088K, reserved 253952K
}
Event: 4589.274 GC heap after
{Heap after GC invocations=17 (full 0):
 garbage-first heap   total 262144K, used 52593K [0x00000000e0000000, 0x0000000100000000)
  region size 1024K, 7 young (7168K), 7 survivors (7168K)
 Metaspace       used 64013K, capacity 66740K, committed 67024K, reserved 313344K
  class space    used 8086K, capacity 9019K, committed 9088K, reserved 253952K
}
Event: 5209.942 GC heap before
{Heap before GC invocations=17 (full 0):
 garbage-first heap   total 262144K, used 201073K [0x00000000e0000000, 0x0000000100000000)
  region size 1024K, 153 young (156672K), 7 survivors (7168K)
 Metaspace       used 64247K, capacity 66940K, committed 67024K, reserved 313344K
  class space    used 8087K, capacity 9019K, committed 9088K, reserved 253952K
}
Event: 5210.049 GC heap after
{Heap after GC invocations=18 (full 0):
 garbage-first heap   total 262144K, used 52297K [0x00000000e0000000, 0x0000000100000000)
  region size 1024K, 7 young (7168K), 7 survivors (7168K)
 Metaspace       used 64247K, capacity 66940K, committed 67024K, reserved 313344K
  class space    used 8087K, capacity 9019K, committed 9088K, reserved 253952K
}
Event: 5538.108 GC heap before
{Heap before GC invocations=18 (full 0):
 garbage-first heap   total 262144K, used 200777K [0x00000000e0000000, 0x0000000100000000)
  region size 1024K, 153 young (156672K), 7 survivors (7168K)
 Metaspace       used 65195K, capacity 68356K, committed 68560K, reserved 313344K
  class space    used 8191K, capacity 9288K, committed 9344K, reserved 253952K
}
Event: 5538.186 GC heap after
{Heap after GC invocations=19 (full 0):
 garbage-first heap   total 262144K, used 51273K [0x00000000e0000000, 0x0000000100000000)
  region size 1024K, 6 young (6144K), 6 survivors (6144K)
 Metaspace       used 65195K, capacity 68356K, committed 68560K, reserved 313344K
  class space    used 8191K, capacity 9288K, committed 9344K, reserved 253952K
}

Deoptimization events (20 events):
Event: 5536.455 Thread 0x0000025179cf06a0 Uncommon trap: trap_request=0xffffff76 fr.pc=0x000002516d4325cc relative=0x00000000000001ac
Event: 5536.455 Thread 0x0000025179cf06a0 Uncommon trap: reason=predicate action=maybe_recompile pc=0x000002516d4325cc method=java.util.Collections.indexedBinarySearch(Ljava/util/List;Ljava/lang/Object;)I @ 13 c2
Event: 5536.455 Thread 0x0000025179cf06a0 DEOPT PACKING pc=0x000002516d4325cc sp=0x00000092366fea60
Event: 5536.456 Thread 0x0000025179cf06a0 DEOPT UNPACKING pc=0x000002516531e42f sp=0x00000092366fe9f0 mode 2
Event: 5538.365 Thread 0x0000025179cf3b90 Uncommon trap: trap_request=0xffffff66 fr.pc=0x000002516d7dab48 relative=0x00000000000001a8
Event: 5538.365 Thread 0x0000025179cf3b90 Uncommon trap: reason=speculate_class_check action=maybe_recompile pc=0x000002516d7dab48 method=com.google.common.collect.ImmutableList$Itr.<init>(Lcom/google/common/collect/ImmutableList;I)V @ 2 c2
Event: 5538.365 Thread 0x0000025179cf3b90 DEOPT PACKING pc=0x000002516d7dab48 sp=0x0000009234afb0d0
Event: 5538.365 Thread 0x0000025179cf3b90 DEOPT UNPACKING pc=0x000002516531e42f sp=0x0000009234afaef8 mode 2
Event: 5568.117 Thread 0x000002517a088520 DEOPT PACKING pc=0x000002516720dfe0 sp=0x00000092351fee50
Event: 5568.118 Thread 0x000002517a088520 DEOPT UNPACKING pc=0x000002516531e23f sp=0x00000092351fe360 mode 0
Event: 5583.967 Thread 0x0000025179cf3b90 Uncommon trap: trap_request=0xffffff66 fr.pc=0x000002516d7dab48 relative=0x00000000000001a8
Event: 5583.967 Thread 0x0000025179cf3b90 Uncommon trap: reason=speculate_class_check action=maybe_recompile pc=0x000002516d7dab48 method=com.google.common.collect.ImmutableList$Itr.<init>(Lcom/google/common/collect/ImmutableList;I)V @ 2 c2
Event: 5583.967 Thread 0x0000025179cf3b90 DEOPT PACKING pc=0x000002516d7dab48 sp=0x0000009234afb0d0
Event: 5583.967 Thread 0x0000025179cf3b90 DEOPT UNPACKING pc=0x000002516531e42f sp=0x0000009234afaef8 mode 2
Event: 5673.774 Thread 0x000002517aefdb00 DEOPT PACKING pc=0x000002516720bd09 sp=0x0000009234efec60
Event: 5673.779 Thread 0x000002517aefdb00 DEOPT UNPACKING pc=0x000002516531e23f sp=0x0000009234efe180 mode 0
Event: 5713.145 Thread 0x000002517aeff310 DEOPT PACKING pc=0x000002516720dfe0 sp=0x00000092350ff4c0
Event: 5713.149 Thread 0x000002517aeff310 DEOPT UNPACKING pc=0x000002516531e23f sp=0x00000092350fe9d0 mode 0
Event: 5805.864 Thread 0x000002517aefdb00 DEOPT PACKING pc=0x000002516720a549 sp=0x0000009234efec60
Event: 5805.867 Thread 0x000002517aefdb00 DEOPT UNPACKING pc=0x000002516531e23f sp=0x0000009234efe180 mode 0

Classes unloaded (20 events):
Event: 1193.338 Thread 0x0000025177a7c500 Unloading class 0x0000000800ca3040 'java/lang/invoke/LambdaForm$MH+0x0000000800ca3040'
Event: 1193.338 Thread 0x0000025177a7c500 Unloading class 0x0000000800ca2c40 'java/lang/invoke/LambdaForm$BMH+0x0000000800ca2c40'
Event: 1193.338 Thread 0x0000025177a7c500 Unloading class 0x0000000800ca1c40 'java/lang/invoke/LambdaForm$MH+0x0000000800ca1c40'
Event: 1193.338 Thread 0x0000025177a7c500 Unloading class 0x0000000800ca1840 'java/lang/invoke/LambdaForm$MH+0x0000000800ca1840'
Event: 1193.338 Thread 0x0000025177a7c500 Unloading class 0x0000000800ca1440 'java/lang/invoke/LambdaForm$MH+0x0000000800ca1440'
Event: 1193.338 Thread 0x0000025177a7c500 Unloading class 0x0000000800ca1040 'java/lang/invoke/LambdaForm$MH+0x0000000800ca1040'
Event: 1193.338 Thread 0x0000025177a7c500 Unloading class 0x0000000800ca0840 'java/lang/invoke/LambdaForm$MH+0x0000000800ca0840'
Event: 1193.338 Thread 0x0000025177a7c500 Unloading class 0x0000000800c58040 'java/lang/invoke/LambdaForm$DMH+0x0000000800c58040'
Event: 1193.338 Thread 0x0000025177a7c500 Unloading class 0x0000000800c08840 'java/lang/invoke/LambdaForm$DMH+0x0000000800c08840'
Event: 1193.339 Thread 0x0000025177a7c500 Unloading class 0x0000000800c09840 'java/lang/invoke/LambdaForm$MH+0x0000000800c09840'
Event: 1193.339 Thread 0x0000025177a7c500 Unloading class 0x0000000800c0a440 'java/lang/invoke/LambdaForm$MH+0x0000000800c0a440'
Event: 1193.339 Thread 0x0000025177a7c500 Unloading class 0x0000000800c0a040 'java/lang/invoke/LambdaForm$MH+0x0000000800c0a040'
Event: 1193.339 Thread 0x0000025177a7c500 Unloading class 0x0000000800c0a840 'java/lang/invoke/LambdaForm$MH+0x0000000800c0a840'
Event: 1193.339 Thread 0x0000025177a7c500 Unloading class 0x0000000800c0c040 'java/lang/invoke/LambdaForm$MH+0x0000000800c0c040'
Event: 1193.339 Thread 0x0000025177a7c500 Unloading class 0x0000000800c0d440 'java/lang/invoke/LambdaForm$MH+0x0000000800c0d440'
Event: 1193.339 Thread 0x0000025177a7c500 Unloading class 0x0000000800c0dc40 'java/lang/invoke/LambdaForm$MH+0x0000000800c0dc40'
Event: 1193.339 Thread 0x0000025177a7c500 Unloading class 0x0000000800c0d840 'java/lang/invoke/LambdaForm$MH+0x0000000800c0d840'
Event: 1193.339 Thread 0x0000025177a7c500 Unloading class 0x0000000800c0e440 'java/lang/invoke/LambdaForm$MH+0x0000000800c0e440'
Event: 1193.339 Thread 0x0000025177a7c500 Unloading class 0x0000000800c0e040 'java/lang/invoke/LambdaForm$MH+0x0000000800c0e040'
Event: 1193.339 Thread 0x0000025177a7c500 Unloading class 0x0000000800c0e840 'java/lang/invoke/LambdaForm$MH+0x0000000800c0e840'

Classes redefined (0 events):
No events

Internal exceptions (20 events):
Event: 5496.166 Thread 0x0000025179cef830 Exception <a 'sun/nio/fs/WindowsException'{0x00000000e82525e8}> (0x00000000e82525e8) 
thrown [./open/src/hotspot/share/prims/jni.cpp, line 578]
Event: 5496.166 Thread 0x0000025179cef830 Exception <a 'sun/nio/fs/WindowsException'{0x00000000e8252978}> (0x00000000e8252978) 
thrown [./open/src/hotspot/share/prims/jni.cpp, line 578]
Event: 5496.176 Thread 0x0000025179cef830 Exception <a 'sun/nio/fs/WindowsException'{0x00000000e8290de8}> (0x00000000e8290de8) 
thrown [./open/src/hotspot/share/prims/jni.cpp, line 578]
Event: 5514.691 Thread 0x0000025179cf3b90 Exception <a 'java/lang/ClassNotFoundException'{0x00000000e7cd4250}: ijresolvers2_7fkcl6vt1kn8h330cvoax5skpBeanInfo> (0x00000000e7cd4250) 
thrown [./open/src/hotspot/share/classfile/systemDictionary.cpp, line 295]
Event: 5514.691 Thread 0x0000025179cf3b90 Exception <a 'java/lang/ClassNotFoundException'{0x00000000e7cd9840}: ijresolvers2_7fkcl6vt1kn8h330cvoax5skpCustomizer> (0x00000000e7cd9840) 
thrown [./open/src/hotspot/share/classfile/systemDictionary.cpp, line 295]
Event: 5514.876 Thread 0x0000025179cf3b90 Exception <a 'java/lang/ClassNotFoundException'{0x00000000e7612738}: IJTestEventLoggerBeanInfo> (0x00000000e7612738) 
thrown [./open/src/hotspot/share/classfile/systemDictionary.cpp, line 295]
Event: 5514.877 Thread 0x0000025179cf3b90 Exception <a 'java/lang/ClassNotFoundException'{0x00000000e761d940}: IJTestEventLoggerCustomizer> (0x00000000e761d940) 
thrown [./open/src/hotspot/share/classfile/systemDictionary.cpp, line 295]
Event: 5514.903 Thread 0x0000025179cf3b90 Exception <a 'java/lang/ClassNotFoundException'{0x00000000e767b3a8}: IJTestEventLogger$1BeanInfo> (0x00000000e767b3a8) 
thrown [./open/src/hotspot/share/classfile/systemDictionary.cpp, line 295]
Event: 5514.904 Thread 0x0000025179cf3b90 Exception <a 'java/lang/ClassNotFoundException'{0x00000000e7686488}: IJTestEventLogger$1Customizer> (0x00000000e7686488) 
thrown [./open/src/hotspot/share/classfile/systemDictionary.cpp, line 295]
Event: 5514.909 Thread 0x0000025179cf3b90 Exception <a 'java/lang/ClassNotFoundException'{0x00000000e76b8278}: IJTestEventLogger$2BeanInfo> (0x00000000e76b8278) 
thrown [./open/src/hotspot/share/classfile/systemDictionary.cpp, line 295]
Event: 5514.910 Thread 0x0000025179cf3b90 Exception <a 'java/lang/ClassNotFoundException'{0x00000000e76c3520}: IJTestEventLogger$2Customizer> (0x00000000e76c3520) 
thrown [./open/src/hotspot/share/classfile/systemDictionary.cpp, line 295]
Event: 5515.029 Thread 0x0000025179cef830 Exception <a 'java/lang/ClassNotFoundException'{0x00000000e7348520}: com/intellij/openapi/externalSystem/rt/execution/ForkedDebuggerHelperBeanInfo> (0x00000000e7348520) 
thrown [./open/src/hotspot/share/classfile/systemDictionary.cpp, line 295]
Event: 5515.030 Thread 0x0000025179cef830 Exception <a 'java/lang/ClassNotFoundException'{0x00000000e734fc58}: com/intellij/openapi/externalSystem/rt/execution/ForkedDebuggerHelperCustomizer> (0x00000000e734fc58) 
thrown [./open/src/hotspot/share/classfile/systemDictionary.cpp, line 295]
Event: 5515.038 Thread 0x0000025179cef830 Exception <a 'java/net/SocketException'{0x00000000e73613f8}: Socket is not connected: shutdown> (0x00000000e73613f8) 
thrown [./open/src/hotspot/share/prims/jni.cpp, line 599]
Event: 5532.740 Thread 0x0000025179cee9c0 Exception <a 'java/lang/ClassNotFoundException'{0x00000000e700a608}: java/lang/NullPointerExceptionBeanInfo> (0x00000000e700a608) 
thrown [./open/src/hotspot/share/classfile/systemDictionary.cpp, line 295]
Event: 5532.747 Thread 0x0000025179cee9c0 Exception <a 'java/lang/ClassNotFoundException'{0x00000000e700f7c8}: java/lang/NullPointerExceptionCustomizer> (0x00000000e700f7c8) 
thrown [./open/src/hotspot/share/classfile/systemDictionary.cpp, line 295]
Event: 5538.722 Thread 0x0000025179cf3b90 Exception <a 'java/net/SocketException'{0x00000000ef70b6e0}: Socket is not connected: shutdown> (0x00000000ef70b6e0) 
thrown [./open/src/hotspot/share/prims/jni.cpp, line 599]
Event: 5581.704 Thread 0x000002517aeff310 Exception <a 'sun/net/ConnectionResetException'{0x00000000ef520290}: Connection reset> (0x00000000ef520290) 
thrown [./open/src/hotspot/share/prims/jni.cpp, line 599]
Event: 5581.709 Thread 0x000002517aefe4a0 Exception <a 'java/io/IOException'{0x00000000ef500f48}: Connection reset by peer> (0x00000000ef500f48) 
thrown [./open/src/hotspot/share/prims/jni.cpp, line 599]
Event: 5584.531 Thread 0x0000025179cf3b90 Exception <a 'java/net/SocketException'{0x00000000eea12740}: Socket is not connected: shutdown> (0x00000000eea12740) 
thrown [./open/src/hotspot/share/prims/jni.cpp, line 599]

Events (20 events):
Event: 5584.395 Thread 0x0000025179ceee90 Thread added: 0x0000025179ceee90
Event: 5584.405 Thread 0x0000025179cefd00 Thread added: 0x0000025179cefd00
Event: 5584.524 Executing VM operation: HandshakeAllThreads
Event: 5584.524 Executing VM operation: HandshakeAllThreads done
Event: 5584.560 Thread 0x0000025179cedb50 Thread added: 0x0000025179cedb50
Event: 5584.562 Thread 0x0000025179cf0b70 Thread added: 0x0000025179cf0b70
Event: 5584.610 Thread 0x0000025179cf1040 Thread added: 0x0000025179cf1040
Event: 5584.640 Thread 0x0000025179cf2380 Thread added: 0x0000025179cf2380
Event: 5585.066 Thread 0x0000025179cf2380 Thread exited: 0x0000025179cf2380
Event: 5585.527 Executing VM operation: HandshakeAllThreads
Event: 5585.527 Executing VM operation: HandshakeAllThreads done
Event: 5585.826 Thread 0x0000025179cf2380 Thread added: 0x0000025179cf2380
Event: 5585.826 Thread 0x000002517a088520 Thread added: 0x000002517a088520
Event: 5585.831 Thread 0x000002517a08b540 Thread added: 0x000002517a08b540
Event: 5585.831 Thread 0x000002517a08aba0 Thread added: 0x000002517a08aba0
Event: 5587.570 Executing VM operation: HandshakeAllThreads
Event: 5587.570 Executing VM operation: HandshakeAllThreads done
Event: 5643.983 Thread 0x0000025179cf36c0 Thread exited: 0x0000025179cf36c0
Event: 5645.070 Thread 0x000002517aefe970 Thread exited: 0x000002517aefe970
Event: 5645.828 Thread 0x0000025179cf1040 Thread exited: 0x0000025179cf1040


Dynamic libraries:
0x00007ff7fbb30000 - 0x00007ff7fbb3d000 	C:\Users\info\.jdks\openjdk-15.0.2\bin\java.exe
0x00007ffbbff30000 - 0x00007ffbc0126000 	C:\WINDOWS\SYSTEM32\ntdll.dll
0x00007ffbbe6c0000 - 0x00007ffbbe77d000 	C:\WINDOWS\System32\KERNEL32.DLL
0x00007ffbbd7a0000 - 0x00007ffbbda69000 	C:\WINDOWS\System32\KERNELBASE.dll
0x00007ffbbddc0000 - 0x00007ffbbdec0000 	C:\WINDOWS\System32\ucrtbase.dll
0x00007ffb9e160000 - 0x00007ffb9e178000 	C:\Users\info\.jdks\openjdk-15.0.2\bin\jli.dll
0x00007ffb9e100000 - 0x00007ffb9e119000 	C:\Users\info\.jdks\openjdk-15.0.2\bin\VCRUNTIME140.dll
0x00007ffbbfc30000 - 0x00007ffbbfdd0000 	C:\WINDOWS\System32\USER32.dll
0x00007ffbbdce0000 - 0x00007ffbbdd02000 	C:\WINDOWS\System32\win32u.dll
0x00007ffba58f0000 - 0x00007ffba5b8b000 	C:\WINDOWS\WinSxS\amd64_microsoft.windows.common-controls_6595b64144ccf1df_6.0.19041.746_none_ca02b4b61b8320a4\COMCTL32.dll
0x00007ffbbe480000 - 0x00007ffbbe4aa000 	C:\WINDOWS\System32\GDI32.dll
0x00007ffbbdb20000 - 0x00007ffbbdc2b000 	C:\WINDOWS\System32\gdi32full.dll
0x00007ffbbdf60000 - 0x00007ffbbdffe000 	C:\WINDOWS\System32\msvcrt.dll
0x00007ffbbdec0000 - 0x00007ffbbdf5d000 	C:\WINDOWS\System32\msvcp_win.dll
0x00007ffbbe800000 - 0x00007ffbbe830000 	C:\WINDOWS\System32\IMM32.DLL
0x00007ffbbbe70000 - 0x00007ffbbbe7c000 	C:\Users\info\.jdks\openjdk-15.0.2\bin\vcruntime140_1.dll
0x00007ffb7e710000 - 0x00007ffb7e7a1000 	C:\Users\info\.jdks\openjdk-15.0.2\bin\msvcp140.dll
0x00007ffb4bc70000 - 0x00007ffb4c7ce000 	C:\Users\info\.jdks\openjdk-15.0.2\bin\server\jvm.dll
0x00007ffbbf5d0000 - 0x00007ffbbf67c000 	C:\WINDOWS\System32\ADVAPI32.dll
0x00007ffbbe000000 - 0x00007ffbbe09c000 	C:\WINDOWS\System32\sechost.dll
0x00007ffbbf6f0000 - 0x00007ffbbf81b000 	C:\WINDOWS\System32\RPCRT4.dll
0x00007ffbbe7f0000 - 0x00007ffbbe7f8000 	C:\WINDOWS\System32\PSAPI.DLL
0x00007ffb9c9f0000 - 0x00007ffb9c9f9000 	C:\WINDOWS\SYSTEM32\WSOCK32.dll
0x00007ffba8c60000 - 0x00007ffba8c87000 	C:\WINDOWS\SYSTEM32\WINMM.dll
0x00007ffbbb690000 - 0x00007ffbbb69a000 	C:\WINDOWS\SYSTEM32\VERSION.dll
0x00007ffbbe780000 - 0x00007ffbbe7eb000 	C:\WINDOWS\System32\ws2_32.DLL
0x00007ffbbbf30000 - 0x00007ffbbbf42000 	C:\WINDOWS\SYSTEM32\kernel.appcore.dll
0x00007ffbb88d0000 - 0x00007ffbb88da000 	C:\Users\info\.jdks\openjdk-15.0.2\bin\jimage.dll
0x00007ffba73b0000 - 0x00007ffba7594000 	C:\WINDOWS\SYSTEM32\DBGHELP.DLL
0x00007ffba7240000 - 0x00007ffba726c000 	C:\WINDOWS\SYSTEM32\dbgcore.DLL
0x00007ffbbdd10000 - 0x00007ffbbdd90000 	C:\WINDOWS\System32\bcryptPrimitives.dll
0x00007ffb962f0000 - 0x00007ffb96315000 	C:\Users\info\.jdks\openjdk-15.0.2\bin\java.dll
0x00007ffbbe960000 - 0x00007ffbbf0a2000 	C:\WINDOWS\System32\SHELL32.dll
0x00007ffbbb6a0000 - 0x00007ffbbbe30000 	C:\WINDOWS\SYSTEM32\windows.storage.dll
0x00007ffbbf8d0000 - 0x00007ffbbfc26000 	C:\WINDOWS\System32\combase.dll
0x00007ffbbcfd0000 - 0x00007ffbbcffc000 	C:\WINDOWS\SYSTEM32\Wldp.dll
0x00007ffbbf0b0000 - 0x00007ffbbf15e000 	C:\WINDOWS\System32\SHCORE.dll
0x00007ffbbfdd0000 - 0x00007ffbbfe25000 	C:\WINDOWS\System32\shlwapi.dll
0x00007ffbbd570000 - 0x00007ffbbd596000 	C:\WINDOWS\SYSTEM32\profapi.dll
0x00007ffb960d0000 - 0x00007ffb960e9000 	C:\Users\info\.jdks\openjdk-15.0.2\bin\net.dll
0x00007ffbab780000 - 0x00007ffbab880000 	C:\WINDOWS\SYSTEM32\WINHTTP.dll
0x00007ffbbcd50000 - 0x00007ffbbcdba000 	C:\WINDOWS\system32\mswsock.dll
0x00007ffb951d0000 - 0x00007ffb951e2000 	C:\Users\info\.jdks\openjdk-15.0.2\bin\nio.dll
0x00007ffb93090000 - 0x00007ffb930a8000 	C:\Users\info\.jdks\openjdk-15.0.2\bin\zip.dll
0x00007ffbb78d0000 - 0x00007ffbb78e0000 	C:\Users\info\.jdks\openjdk-15.0.2\bin\verify.dll
0x00007ffbb81a0000 - 0x00007ffbb81c6000 	C:\Users\info\.gradle\native\fdc75f09e3144964f2cf3f50f0aa648679c211496f362492102eb8c894070792\windows-amd64\native-platform.dll
0x00007ffb7c9a0000 - 0x00007ffb7cb31000 	C:\Users\info\.gradle\native\12488b8bf47d2d4c9fbf2f6322a914ad602e24e48041cd04a747c6da556b65c4\windows-amd64\native-platform-file-events.dll
0x00007ffbaad70000 - 0x00007ffbaad79000 	C:\Users\info\.jdks\openjdk-15.0.2\bin\management.dll
0x00007ffba2bc0000 - 0x00007ffba2bcb000 	C:\Users\info\.jdks\openjdk-15.0.2\bin\management_ext.dll
0x00007ffbbcf20000 - 0x00007ffbbcf38000 	C:\WINDOWS\SYSTEM32\CRYPTSP.dll
0x00007ffbbc6f0000 - 0x00007ffbbc724000 	C:\WINDOWS\system32\rsaenh.dll
0x00007ffbbdd90000 - 0x00007ffbbddb7000 	C:\WINDOWS\System32\bcrypt.dll
0x00007ffbbd4f0000 - 0x00007ffbbd51e000 	C:\WINDOWS\SYSTEM32\USERENV.dll
0x00007ffbbcf40000 - 0x00007ffbbcf4c000 	C:\WINDOWS\SYSTEM32\CRYPTBASE.dll
0x00007ffbbca40000 - 0x00007ffbbca7b000 	C:\WINDOWS\SYSTEM32\IPHLPAPI.DLL
0x00007ffbbf680000 - 0x00007ffbbf688000 	C:\WINDOWS\System32\NSI.dll
0x00007ffbb3f80000 - 0x00007ffbb3f97000 	C:\WINDOWS\SYSTEM32\dhcpcsvc6.DLL
0x00007ffbb3f60000 - 0x00007ffbb3f7d000 	C:\WINDOWS\SYSTEM32\dhcpcsvc.DLL
0x00007ffbbca80000 - 0x00007ffbbcb4b000 	C:\WINDOWS\SYSTEM32\DNSAPI.dll
0x00007ffbb5340000 - 0x00007ffbb534b000 	C:\WINDOWS\SYSTEM32\WINNSI.DLL

dbghelp: loaded successfully - version: 4.0.5 - missing functions: none
symbol engine: initialized successfully - sym options: 0x614 - pdb path: .;C:\Users\info\.jdks\openjdk-15.0.2\bin;C:\WINDOWS\SYSTEM32;C:\WINDOWS\WinSxS\amd64_microsoft.windows.common-controls_6595b64144ccf1df_6.0.19041.746_none_ca02b4b61b8320a4;C:\Users\info\.jdks\openjdk-15.0.2\bin\server;C:\Users\info\.gradle\native\fdc75f09e3144964f2cf3f50f0aa648679c211496f362492102eb8c894070792\windows-amd64;C:\Users\info\.gradle\native\12488b8bf47d2d4c9fbf2f6322a914ad602e24e48041cd04a747c6da556b65c4\windows-amd64

VM Arguments:
jvm_args: --add-opens=java.base/java.util=ALL-UNNAMED --add-opens=java.base/java.lang=ALL-UNNAMED --add-opens=java.base/java.lang.invoke=ALL-UNNAMED --add-opens=java.prefs/java.util.prefs=ALL-UNNAMED -XX:MaxMetaspaceSize=256m -XX:+HeapDumpOnOutOfMemoryError -Xms256m -Xmx512m -Dfile.encoding=windows-1251 -Duser.country=RU -Duser.language=ru -Duser.variant 
java_command: org.gradle.launcher.daemon.bootstrap.GradleDaemon 6.7
java_class_path (initial): C:\Users\info\.gradle\wrapper\dists\gradle-6.7-bin\efvqh8uyq79v2n7rcncuhu9sv\gradle-6.7\lib\gradle-launcher-6.7.jar
Launcher Type: SUN_STANDARD

[Global flags]
     intx CICompilerCount                          = 3                                         {product} {ergonomic}
   size_t CompressedClassSpaceSize                 = 260046848                                 {product} {ergonomic}
     uint ConcGCThreads                            = 1                                         {product} {ergonomic}
     uint G1ConcRefinementThreads                  = 4                                         {product} {ergonomic}
   size_t G1HeapRegionSize                         = 1048576                                   {product} {ergonomic}
    uintx GCDrainStackTargetSize                   = 64                                        {product} {ergonomic}
     bool HeapDumpOnOutOfMemoryError               = true                                   {manageable} {command line}
   size_t InitialHeapSize                          = 268435456                                 {product} {command line}
   size_t MarkStackSize                            = 4194304                                   {product} {ergonomic}
   size_t MaxHeapSize                              = 536870912                                 {product} {command line}
   size_t MaxMetaspaceSize                         = 268435456                                 {product} {command line}
   size_t MaxNewSize                               = 321912832                                 {product} {ergonomic}
   size_t MinHeapDeltaBytes                        = 1048576                                   {product} {ergonomic}
   size_t MinHeapSize                              = 268435456                                 {product} {command line}
    uintx NonNMethodCodeHeapSize                   = 5832780                                {pd product} {ergonomic}
    uintx NonProfiledCodeHeapSize                  = 122912730                              {pd product} {ergonomic}
    uintx ProfiledCodeHeapSize                     = 122912730                              {pd product} {ergonomic}
    uintx ReservedCodeCacheSize                    = 251658240                              {pd product} {ergonomic}
     bool SegmentedCodeCache                       = true                                      {product} {ergonomic}
   size_t SoftMaxHeapSize                          = 536870912                              {manageable} {ergonomic}
     bool UseCompressedClassPointers               = true                                 {lp64_product} {ergonomic}
     bool UseCompressedOops                        = true                                 {lp64_product} {ergonomic}
     bool UseG1GC                                  = true                                      {product} {ergonomic}
     bool UseLargePagesIndividualAllocation        = false                                  {pd product} {ergonomic}

Logging:
Log output configuration:
 #0: stdout all=warning uptime,level,tags
 #1: stderr all=off uptime,level,tags

Environment Variables:
PATH=C:\WINDOWS\system32;C:\WINDOWS;C:\WINDOWS\System32\Wbem;C:\WINDOWS\System32\WindowsPowerShell\v1.0\;C:\WINDOWS\System32\OpenSSH\;C:\Program Files\Git\cmd;C:\Users\info\AppData\Local\Microsoft\WindowsApps;
USERNAME=info
OS=Windows_NT
PROCESSOR_IDENTIFIER=Intel64 Family 6 Model 142 Stepping 10, GenuineIntel



---------------  S Y S T E M  ---------------

OS:
 Windows 10 , 64 bit Build 19041 (10.0.19041.804)
OS uptime: 7 days 3:45 hours

CPU: total 4 (initial active 4) (2 cores per cpu, 2 threads per core) family 6 model 142 stepping 10 microcode 0xd2, cmov, cx8, fxsr, mmx, sse, sse2, sse3, ssse3, sse4.1, sse4.2, popcnt, vzeroupper, avx, avx2, aes, clmul, erms, 3dnowpref, lzcnt, ht, tsc, tscinvbit, bmi1, bmi2, adx, fma, clflush, clflushopt

Memory: 4k page, system-wide physical 3952M (185M free)
TotalPageFile size 16240M (AvailPageFile size 0M)
current process WorkingSet (physical memory assigned to process): 50M, peak: 372M
current process commit charge ("private bytes"): 513M, peak: 519M

vm_info: OpenJDK 64-Bit Server VM (15.0.2+7-27) for windows-amd64 JRE (15.0.2+7-27), built on Dec  7 2020 20:02:38 by "mach5one" with unknown MS VC++:1925

END.
